mem=62000 KB runtime=0.44 s

------------------------------------------------------------
Sender: LSF System <lsfadmin@hpc.dtu.dk>
Subject: Job 24508129: <Mandelbrot_memmap> in cluster <dcc> Done

Job <Mandelbrot_memmap> was submitted from host <n-62-30-3> by user <s215158> in cluster <dcc> at Wed Mar 26 11:22:18 2025
Job was executed on host(s) <n-62-31-4>, in queue <hpc>, as user <s215158> in cluster <dcc> at Wed Mar 26 11:22:18 2025
</zhome/f9/0/168881> was used as the home directory.
</zhome/f9/0/168881/Desktop/PyHPC/Week_8/Exercise_8> was used as the working directory.
Started at Wed Mar 26 11:22:18 2025
Terminated at Wed Mar 26 11:22:20 2025
Results reported at Wed Mar 26 11:22:20 2025

Your job looked like:

------------------------------------------------------------
# LSBATCH: User input
#!/bin/bash
#BSUB -J Mandelbrot_memmap
#BSUB -q hpc
#BSUB -W 10
#BSUB -R "rusage[mem=2048MB]"
#BSUB -o Mandelbrot_memmap_%J.out
#BSUB -e Mandelbrot_memmap_%J.err

#BSUB -R "select[model == XeonGold6126]"

#BSUB -R "span[hosts=1]"
#BSUB -n 1

source /dtu/projects/02613_2025/conda/conda_init.sh
conda activate 02613

/usr/bin/time -f"mem=%M KB runtime=%e s" 2>&1 python code.py /zhome/f9/0/168881/Desktop/PyHPC/Week_8/Exercise_6_7/mandelbrot_data.raw 800 10
------------------------------------------------------------

Successfully completed.

Resource usage summary:

    CPU time :                                   1.45 sec.
    Max Memory :                                 -
    Average Memory :                             -
    Total Requested Memory :                     2048.00 MB
    Delta Memory :                               -
    Max Swap :                                   -
    Max Processes :                              -
    Max Threads :                                -
    Run time :                                   70 sec.
    Turnaround time :                            2 sec.

The output (if any) is above this job summary.



PS:

Read file <Mandelbrot_memmap_24508129.err> for stderr output of this job.

