Write time numpy: 0.004791333107277751
Write time blosc: 0.0023310640826821327
Read time numpy: 0.0006039829459041357
Read tim blosc: 0.0004448050167411566

------------------------------------------------------------
Sender: LSF System <lsfadmin@hpc.dtu.dk>
Subject: Job 24144218: <Performance_Comparison> in cluster <dcc> Done

Job <Performance_Comparison> was submitted from host <n-62-27-18> by user <s215158> in cluster <dcc> at Wed Feb 19 13:34:58 2025
Job was executed on host(s) <n-62-31-21>, in queue <hpc>, as user <s215158> in cluster <dcc> at Wed Feb 19 13:34:59 2025
</zhome/f9/0/168881> was used as the home directory.
</zhome/f9/0/168881/Desktop/PyHPC/Week_3/Exercise_7> was used as the working directory.
Started at Wed Feb 19 13:34:59 2025
Terminated at Wed Feb 19 13:35:00 2025
Results reported at Wed Feb 19 13:35:00 2025

Your job looked like:

------------------------------------------------------------
# LSBATCH: User input
#!/bin/bash
#BSUB -J Performance_Comparison
#BSUB -q hpc
#BSUB -W 2
#BSUB -R "rusage[mem=1024MB]"
#BSUB -o Performance_Comparison_%J.out
#BSUB -e Performance_Comparison_%J.err

#BSUB -R "select[model == XeonGold6126]"

#BSUB -R "span[hosts=1]"
#BSUB -n 1

source /dtu/projects/02613_2025/conda/conda_init.sh
conda activate 02613

python code.py 10
------------------------------------------------------------

Successfully completed.

Resource usage summary:

    CPU time :                                   0.88 sec.
    Max Memory :                                 -
    Average Memory :                             -
    Total Requested Memory :                     1024.00 MB
    Delta Memory :                               -
    Max Swap :                                   -
    Max Processes :                              -
    Max Threads :                                -
    Run time :                                   1 sec.
    Turnaround time :                            2 sec.

The output (if any) is above this job summary.



PS:

Read file <Performance_Comparison_24144218.err> for stderr output of this job.

