{'mean': 8265.008861411621, 'std': 4414.288253000801, 'max': 19668.754548210636, 'min': 48.28049817310419}

------------------------------------------------------------
Sender: LSF System <lsfadmin@hpc.dtu.dk>
Subject: Job 24215533: <Haversine> in cluster <dcc> Done

Job <Haversine> was submitted from host <n-62-27-20> by user <s215158> in cluster <dcc> at Wed Feb 26 11:29:55 2025
Job was executed on host(s) <n-62-31-21>, in queue <hpc>, as user <s215158> in cluster <dcc> at Wed Feb 26 11:29:56 2025
</zhome/f9/0/168881> was used as the home directory.
</zhome/f9/0/168881/Desktop/PyHPC/Week_4/Exercise_4> was used as the working directory.
Started at Wed Feb 26 11:29:56 2025
Terminated at Wed Feb 26 11:29:57 2025
Results reported at Wed Feb 26 11:29:57 2025

Your job looked like:

------------------------------------------------------------
# LSBATCH: User input
#!/bin/bash
#BSUB -J Haversine
#BSUB -q hpc
#BSUB -W 2
#BSUB -R "rusage[mem=1024MB]"
#BSUB -o Performance_Comparison_%J.out
#BSUB -e Performance_Comparison_%J.err

#BSUB -R "select[model == XeonGold6126]"

#BSUB -R "span[hosts=1]"
#BSUB -n 1

source /dtu/projects/02613_2025/conda/conda_init.sh
conda activate 02613

python code.py /dtu/projects/02613_2025/data/locations/locations_100.csv
------------------------------------------------------------

Successfully completed.

Resource usage summary:

    CPU time :                                   0.94 sec.
    Max Memory :                                 -
    Average Memory :                             -
    Total Requested Memory :                     1024.00 MB
    Delta Memory :                               -
    Max Swap :                                   -
    Max Processes :                              -
    Max Threads :                                -
    Run time :                                   11 sec.
    Turnaround time :                            2 sec.

The output (if any) is above this job summary.



PS:

Read file <Performance_Comparison_24215533.err> for stderr output of this job.

