Execution time with 1 processes: 9.84 seconds
Execution time with 2 processes: 5.25 seconds
Execution time with 4 processes: 3.04 seconds
Execution time with 8 processes: 1.85 seconds
Execution time with 16 processes: 1.71 seconds

------------------------------------------------------------
Sender: LSF System <lsfadmin@hpc.dtu.dk>
Subject: Job 24284981: <Pi> in cluster <dcc> Done

Job <Pi> was submitted from host <n-62-30-8> by user <s215158> in cluster <dcc> at Wed Mar  5 11:44:32 2025
Job was executed on host(s) <16*n-62-31-15>, in queue <hpc>, as user <s215158> in cluster <dcc> at Wed Mar  5 11:44:32 2025
</zhome/f9/0/168881> was used as the home directory.
</zhome/f9/0/168881/Desktop/PyHPC/Week_5_6/Exercise_8> was used as the working directory.
Started at Wed Mar  5 11:44:32 2025
Terminated at Wed Mar  5 11:44:57 2025
Results reported at Wed Mar  5 11:44:57 2025

Your job looked like:

------------------------------------------------------------
# LSBATCH: User input
#!/bin/bash
#BSUB -J Pi
#BSUB -q hpc
#BSUB -W 10
#BSUB -R "rusage[mem=2048MB]"
#BSUB -o Pi_%J.out
#BSUB -e Pi_%J.err

#BSUB -R "select[model == XeonGold6126]"

#BSUB -R "span[hosts=1]"
#BSUB -n 16

source /dtu/projects/02613_2025/conda/conda_init.sh
conda activate 02613

python code.py
------------------------------------------------------------

Successfully completed.

Resource usage summary:

    CPU time :                                   57.92 sec.
    Max Memory :                                 142 MB
    Average Memory :                             142.00 MB
    Total Requested Memory :                     32768.00 MB
    Delta Memory :                               32626.00 MB
    Max Swap :                                   -
    Max Processes :                              5
    Max Threads :                                9
    Run time :                                   44 sec.
    Turnaround time :                            25 sec.

The output (if any) is above this job summary.



PS:

Read file <Pi_24284981.err> for stderr output of this job.

