Write time numpy: 0.05248185293748975 for 256
Write time blosc: 0.015940885059535503 for 256
Read time numpy: 0.07084605796262622  for 256
Read tim blosc: 0.016001940006390214 for 256
Write time numpy: 0.32029668404720724 for 512
Write time blosc: 0.06674904702231288 for 512
Read time numpy: 0.6196800610050559  for 512
Read tim blosc: 0.1293640888761729 for 512
Write time numpy: 2.3546348868403584 for 1024
Write time blosc: 0.43774787592701614 for 1024
Read time numpy: 3.286773737054318  for 1024
Read tim blosc: 0.8349465169012547 for 1024

------------------------------------------------------------
Sender: LSF System <lsfadmin@hpc.dtu.dk>
Subject: Job 24144308: <Performance_Comparison> in cluster <dcc> Done

Job <Performance_Comparison> was submitted from host <n-62-27-18> by user <s215158> in cluster <dcc> at Wed Feb 19 13:45:45 2025
Job was executed on host(s) <n-62-31-4>, in queue <hpc>, as user <s215158> in cluster <dcc> at Wed Feb 19 13:45:45 2025
</zhome/f9/0/168881> was used as the home directory.
</zhome/f9/0/168881/Desktop/PyHPC/Week_3/Exercise_8> was used as the working directory.
Started at Wed Feb 19 13:45:45 2025
Terminated at Wed Feb 19 13:45:55 2025
Results reported at Wed Feb 19 13:45:55 2025

Your job looked like:

------------------------------------------------------------
# LSBATCH: User input
#!/bin/bash
#BSUB -J Performance_Comparison
#BSUB -q hpc
#BSUB -W 2
#BSUB -R "rusage[mem=6144MB]"
#BSUB -o Performance_Comparison_%J.out
#BSUB -e Performance_Comparison_%J.err

#BSUB -R "select[model == XeonGold6126]"

#BSUB -R "span[hosts=1]"
#BSUB -n 1

source /dtu/projects/02613_2025/conda/conda_init.sh
conda activate 02613

python code.py 256 512 1024
------------------------------------------------------------

Successfully completed.

Resource usage summary:

    CPU time :                                   5.71 sec.
    Max Memory :                                 -
    Average Memory :                             -
    Total Requested Memory :                     6144.00 MB
    Delta Memory :                               -
    Max Swap :                                   -
    Max Processes :                              -
    Max Threads :                                -
    Run time :                                   25 sec.
    Turnaround time :                            10 sec.

The output (if any) is above this job summary.



PS:

Read file <Performance_Comparison_24144308.err> for stderr output of this job.

