Normal kernel add (including transfers): 0.011236906051635742
Kernel with pinned memory (including transfers): 0.00781393051147461
Kernel execution only (arrays already on GPU): 0.0001952648162841797

------------------------------------------------------------
Sender: LSF System <lsfadmin@hpc.dtu.dk>
Subject: Job 24561551: <2.3> in cluster <dcc> Done

Job <2.3> was submitted from host <n-62-27-23> by user <s215158> in cluster <dcc> at Wed Apr  2 13:49:06 2025
Job was executed on host(s) <4*n-62-12-22>, in queue <c02613>, as user <s215158> in cluster <dcc> at Wed Apr  2 13:49:06 2025
</zhome/f9/0/168881> was used as the home directory.
</zhome/f9/0/168881/Desktop/PyHPC/Week_9/Exercise_6_7_8_9_10> was used as the working directory.
Started at Wed Apr  2 13:49:06 2025
Terminated at Wed Apr  2 13:49:10 2025
Results reported at Wed Apr  2 13:49:10 2025

Your job looked like:

------------------------------------------------------------
# LSBATCH: User input
#!/bin/sh
#BSUB -q c02613
#BSUB -J 2.3
#BSUB -n 4
#BSUB -R "span[hosts=1]"
#BSUB -R "rusage[mem=1GB]"
#BSUB -gpu "num=1:mode=exclusive_process"
#BSUB -W 00:03
#BSUB -o batch_output/gpujob_%J.out
#BSUB -e batch_output/gpujob_%J.err

source /dtu/projects/02613_2025/conda/conda_init.sh
conda activate 02613

python code.py
------------------------------------------------------------

Successfully completed.

Resource usage summary:

    CPU time :                                   1.97 sec.
    Max Memory :                                 -
    Average Memory :                             -
    Total Requested Memory :                     4096.00 MB
    Delta Memory :                               -
    Max Swap :                                   -
    Max Processes :                              -
    Max Threads :                                -
    Run time :                                   15 sec.
    Turnaround time :                            4 sec.

The output (if any) is above this job summary.



PS:

Read file <batch_output/gpujob_24561551.err> for stderr output of this job.

