CUDA kernel execution time: 0.847906 seconds
NumPy execution time: 0.099443 seconds
Total time (with transfers): 0.540577 seconds
Time spent on memory transfers: 0.307329 seconds
Fraction of time on transfers: 56.85%
Total time (with pinned transfers): 0.526347 seconds
Time spent on pinned memory transfers: 0.321559 seconds
Fraction of time on pinned transfers: 61.09%
Time with (256, 1) threads per block: 1.756217 seconds
Time with (1, 256) threads per block: 0.179250 seconds

------------------------------------------------------------
Sender: LSF System <lsfadmin@hpc.dtu.dk>
Subject: Job 24561739: <2.3> in cluster <dcc> Done

Job <2.3> was submitted from host <n-62-27-23> by user <s215158> in cluster <dcc> at Wed Apr  2 14:38:44 2025
Job was executed on host(s) <4*n-62-12-22>, in queue <c02613>, as user <s215158> in cluster <dcc> at Wed Apr  2 14:38:45 2025
</zhome/f9/0/168881> was used as the home directory.
</zhome/f9/0/168881/Desktop/PyHPC/Week_9/Exercise_11_12_13_14> was used as the working directory.
Started at Wed Apr  2 14:38:45 2025
Terminated at Wed Apr  2 14:38:52 2025
Results reported at Wed Apr  2 14:38:52 2025

Your job looked like:

------------------------------------------------------------
# LSBATCH: User input
#!/bin/sh
#BSUB -q c02613
#BSUB -J 2.3
#BSUB -n 4
#BSUB -R "span[hosts=1]"
#BSUB -R "rusage[mem=1GB]"
#BSUB -gpu "num=1:mode=exclusive_process"
#BSUB -W 00:03
#BSUB -o batch_output/gpujob_%J.out
#BSUB -e batch_output/gpujob_%J.err

source /dtu/projects/02613_2025/conda/conda_init.sh
conda activate 02613

python code.py
------------------------------------------------------------

Successfully completed.

Resource usage summary:

    CPU time :                                   5.76 sec.
    Max Memory :                                 -
    Average Memory :                             -
    Total Requested Memory :                     4096.00 MB
    Delta Memory :                               -
    Max Swap :                                   -
    Max Processes :                              -
    Max Threads :                                -
    Run time :                                   55 sec.
    Turnaround time :                            8 sec.

The output (if any) is above this job summary.



PS:

Read file <batch_output/gpujob_24561739.err> for stderr output of this job.

