Command terminated by signal 9
mem=82092 KB runtime=58.05 s
Running with step size 1...
Running with step size 1...
  Runtime: 0.00 seconds
  Memory: 0.00 MB
Running with step size 2...
Running with step size 1...
Running with step size 1...
Running with step size 1...
  Runtime: 0.00 seconds
  Memory: 0.00 MB
Running with step size 2...
Running with step size 1...
Running with step size 1...
  Runtime: 0.00 seconds
  Memory: 0.00 MB
Running with step size 2...
Running with step size 1...
Running with step size 1...
Running with step size 1...
Running with step size 1...
Running with step size 1...
Running with step size 1...
  Runtime: 0.00 seconds
  Memory: 0.00 MB
Running with step size 2...
Running with step size 1...
Running with step size 1...
Running with step size 1...
  Runtime: 0.00 seconds
  Memory: 0.00 MB
Running with step size 2...
Running with step size 1...
Running with step size 1...
Running with step size 1...
  Runtime: 0.00 seconds
  Memory: 0.00 MB
Running with step size 2...
Running with step size 1...
Running with step size 1...
Running with step size 1...
Running with step size 1...
Running with step size 1...
Running with step size 1...
Running with step size 1...
Running with step size 1...
  Runtime: 0.00 seconds
  Memory: 0.00 MB
Running with step size 2...
Running with step size 1...
Running with step size 1...
Running with step size 1...
Running with step size 1...
Running with step size 1...
Running with step size 1...
Running with step size 1...
Running with step size 1...
Running with step size 1...

------------------------------------------------------------
Sender: LSF System <lsfadmin@hpc.dtu.dk>
Subject: Job 24508194: <Mandelbrot_memmap> in cluster <dcc> Exited

Job <Mandelbrot_memmap> was submitted from host <n-62-30-3> by user <s215158> in cluster <dcc> at Wed Mar 26 11:29:41 2025
Job was executed on host(s) <n-62-31-4>, in queue <hpc>, as user <s215158> in cluster <dcc> at Wed Mar 26 11:29:42 2025
</zhome/f9/0/168881> was used as the home directory.
</zhome/f9/0/168881/Desktop/PyHPC/Week_8/Exercise_9> was used as the working directory.
Started at Wed Mar 26 11:29:42 2025
Terminated at Wed Mar 26 11:30:51 2025
Results reported at Wed Mar 26 11:30:51 2025

Your job looked like:

------------------------------------------------------------
# LSBATCH: User input
#!/bin/bash
#BSUB -J Mandelbrot_memmap
#BSUB -q hpc
#BSUB -W 10
#BSUB -R "rusage[mem=2048MB]"
#BSUB -o Mandelbrot_memmap_%J.out
#BSUB -e Mandelbrot_memmap_%J.err

#BSUB -R "select[model == XeonGold6126]"

#BSUB -R "span[hosts=1]"
#BSUB -n 1

source /dtu/projects/02613_2025/conda/conda_init.sh
conda activate 02613

/usr/bin/time -f"mem=%M KB runtime=%e s" 2>&1 python code.py
------------------------------------------------------------

TERM_MEMLIMIT: job killed after reaching LSF memory usage limit.
Exited with exit code 137.

Resource usage summary:

    CPU time :                                   55.00 sec.
    Max Memory :                                 2048 MB
    Average Memory :                             1544.67 MB
    Total Requested Memory :                     2048.00 MB
    Delta Memory :                               0.00 MB
    Max Swap :                                   -
    Max Processes :                              92
    Max Threads :                                92
    Run time :                                   144 sec.
    Turnaround time :                            70 sec.

The output (if any) is above this job summary.



PS:

Read file <Mandelbrot_memmap_24508194.err> for stderr output of this job.

