0.054838302079588175

------------------------------------------------------------
Sender: LSF System <lsfadmin@hpc.dtu.dk>
Subject: Job 24404048: <Pictures> in cluster <dcc> Done

Job <Pictures> was submitted from host <hpclogin1> by user <s215158> in cluster <dcc> at Wed Mar 12 11:09:00 2025
Job was executed on host(s) <n-62-31-5>, in queue <hpc>, as user <s215158> in cluster <dcc> at Wed Mar 12 11:09:01 2025
</zhome/f9/0/168881> was used as the home directory.
</zhome/f9/0/168881/Desktop/PyHPC/Week_5_6/Exercise_11> was used as the working directory.
Started at Wed Mar 12 11:09:01 2025
Terminated at Wed Mar 12 11:09:03 2025
Results reported at Wed Mar 12 11:09:03 2025

Your job looked like:

------------------------------------------------------------
# LSBATCH: User input
#!/bin/bash
#BSUB -J Pictures
#BSUB -q hpc
#BSUB -W 10
#BSUB -R "rusage[mem=1024MB]"
#BSUB -o Pictures_%J.out
#BSUB -e Pictures_%J.err

#BSUB -R "select[model == XeonGold6126]"

#BSUB -R "span[hosts=1]"
#BSUB -n 1

source /dtu/projects/02613_2025/conda/conda_init.sh
conda activate 02613

python code.py /dtu/projects/02613_2025/data/celeba/celeba_200.npy
------------------------------------------------------------

Successfully completed.

Resource usage summary:

    CPU time :                                   1.43 sec.
    Max Memory :                                 -
    Average Memory :                             -
    Total Requested Memory :                     1024.00 MB
    Delta Memory :                               -
    Max Swap :                                   -
    Max Processes :                              -
    Max Threads :                                -
    Run time :                                   54 sec.
    Turnaround time :                            3 sec.

The output (if any) is above this job summary.



PS:

Read file <Pictures_24404048.err> for stderr output of this job.

