
------------------------------------------------------------
Sender: LSF System <lsfadmin@hpc.dtu.dk>
Subject: Job 24283514: <Pi> in cluster <dcc> Done

Job <Pi> was submitted from host <n-62-30-8> by user <s215158> in cluster <dcc> at Wed Mar  5 10:28:27 2025
Job was executed on host(s) <10*n-62-31-9>, in queue <hpc>, as user <s215158> in cluster <dcc> at Wed Mar  5 10:28:28 2025
</zhome/f9/0/168881> was used as the home directory.
</zhome/f9/0/168881/Desktop/PyHPC/Week_5_6/Exercise_2> was used as the working directory.
Started at Wed Mar  5 10:28:28 2025
Terminated at Wed Mar  5 10:30:10 2025
Results reported at Wed Mar  5 10:30:10 2025

Your job looked like:

------------------------------------------------------------
# LSBATCH: User input
#!/bin/bash
#BSUB -J Pi
#BSUB -q hpc
#BSUB -W 10
#BSUB -R "rusage[mem=2048MB]"
#BSUB -o Pi_%J.out
#BSUB -e Pi_%J.err

#BSUB -R "select[model == XeonGold6126]"

#BSUB -R "span[hosts=1]"
#BSUB -n 10

source /dtu/projects/02613_2025/conda/conda_init.sh
conda activate 02613

time python code1.py
time python code2.py
time python code3.py
------------------------------------------------------------

Successfully completed.

Resource usage summary:

    CPU time :                                   214.93 sec.
    Max Memory :                                 2059 MB
    Average Memory :                             1891.33 MB
    Total Requested Memory :                     20480.00 MB
    Delta Memory :                               18421.00 MB
    Max Swap :                                   -
    Max Processes :                              14
    Max Threads :                                18
    Run time :                                   134 sec.
    Turnaround time :                            103 sec.

The output (if any) is above this job summary.



PS:

Read file <Pi_24283514.err> for stderr output of this job.

