1999223.2
Generating '/tmp/nsys-report-8f4c.qdstrm'
[1/1] [0%                          ] profiler_out.nsys-rep[1/1] [0%                          ] profiler_out.nsys-rep[1/1] [=16%                        ] profiler_out.nsys-rep[1/1] [=====32%                    ] profiler_out.nsys-rep[1/1] [========================98% ] profiler_out.nsys-rep[1/1] [========================100%] profiler_out.nsys-rep[1/1] [========================100%] profiler_out.nsys-rep
Generated:
    /zhome/f9/0/168881/Desktop/PyHPC/Week_10/Exercise_2/profiler_out.nsys-rep

------------------------------------------------------------
Sender: LSF System <lsfadmin@hpc.dtu.dk>
Subject: Job 24639526: <reduction> in cluster <dcc> Done

Job <reduction> was submitted from host <hpclogin1> by user <s215158> in cluster <dcc> at Fri Apr 11 09:50:19 2025
Job was executed on host(s) <4*n-62-12-22>, in queue <c02613>, as user <s215158> in cluster <dcc> at Fri Apr 11 09:50:19 2025
</zhome/f9/0/168881> was used as the home directory.
</zhome/f9/0/168881/Desktop/PyHPC/Week_10/Exercise_2> was used as the working directory.
Started at Fri Apr 11 09:50:19 2025
Terminated at Fri Apr 11 09:50:41 2025
Results reported at Fri Apr 11 09:50:41 2025

Your job looked like:

------------------------------------------------------------
# LSBATCH: User input
#!/bin/sh
#BSUB -q c02613
#BSUB -J reduction
#BSUB -n 4
#BSUB -R "span[hosts=1]"
#BSUB -R "rusage[mem=1GB]"
#BSUB -gpu "num=1:mode=exclusive_process"
#BSUB -W 00:05
#BSUB -o batch_output/gpujob_%J.out
#BSUB -e batch_output/gpujob_%J.err

source /dtu/projects/02613_2025/conda/conda_init.sh
conda activate 02613

nsys profile -o profiler_out python code.py 4000000
------------------------------------------------------------

Successfully completed.

Resource usage summary:

    CPU time :                                   5.00 sec.
    Max Memory :                                 117 MB
    Average Memory :                             117.00 MB
    Total Requested Memory :                     4096.00 MB
    Delta Memory :                               3979.00 MB
    Max Swap :                                   -
    Max Processes :                              1
    Max Threads :                                2
    Run time :                                   38 sec.
    Turnaround time :                            22 sec.

The output (if any) is above this job summary.



PS:

Read file <batch_output/gpujob_24639526.err> for stderr output of this job.

