{'mean': 8228.799783795765, 'std': 4392.798475994285, 'max': 20006.822918354806, 'min': 0.0}
         101487 function calls (98585 primitive calls) in 2.416 seconds

   Ordered by: cumulative time

   ncalls  tottime  percall  cumtime  percall filename:lineno(function)
    121/1    0.002    0.000    2.416    2.416 {built-in method builtins.exec}
        1    0.002    0.002    2.416    2.416 code.py:1(<module>)
        1    1.801    1.801    1.801    1.801 code.py:4(distance_matrix)
       15    0.002    0.000    0.616    0.041 __init__.py:1(<module>)
        1    0.113    0.113    0.326    0.326 code.py:23(distance_stats)
    162/4    0.002    0.000    0.283    0.071 <frozen importlib._bootstrap>:1165(_find_and_load)
    162/4    0.001    0.000    0.283    0.071 <frozen importlib._bootstrap>:1120(_find_and_load_unlocked)
    150/4    0.001    0.000    0.281    0.070 <frozen importlib._bootstrap>:666(_load_unlocked)
    119/4    0.001    0.000    0.281    0.070 <frozen importlib._bootstrap_external>:934(exec_module)
    397/8    0.000    0.000    0.278    0.035 <frozen importlib._bootstrap>:233(_call_with_frames_removed)
    375/9    0.001    0.000    0.261    0.029 {built-in method builtins.__import__}
   250/40    0.001    0.000    0.258    0.006 <frozen importlib._bootstrap>:1207(_handle_fromlist)
        1    0.003    0.003    0.111    0.111 twodim_base.py:1033(triu_indices)
      119    0.002    0.000    0.095    0.001 <frozen importlib._bootstrap_external>:1007(get_code)
        3    0.094    0.031    0.094    0.031 twodim_base.py:1115(<genexpr>)
        1    0.000    0.000    0.083    0.083 __config__.py:1(<module>)
        1    0.000    0.000    0.071    0.071 {method 'std' of 'numpy.ndarray' objects}
        1    0.001    0.001    0.071    0.071 _methods.py:204(_std)
        1    0.049    0.049    0.071    0.071 _methods.py:135(_var)
      119    0.001    0.000    0.065    0.001 <frozen importlib._bootstrap_external>:1127(get_data)
        5    0.053    0.011    0.053    0.011 {method 'reduce' of 'numpy.ufunc' objects}
      159    0.002    0.000    0.046    0.000 <frozen importlib._bootstrap>:1054(_find_spec)
      158    0.000    0.000    0.042    0.000 <frozen importlib._bootstrap_external>:1496(find_spec)
        1    0.000    0.000    0.042    0.042 index_tricks.py:1(<module>)
      158    0.001    0.000    0.041    0.000 <frozen importlib._bootstrap_external>:1464(_get_spec)
      119    0.041    0.000    0.041    0.000 {built-in method io.open_code}
  150/145    0.001    0.000    0.039    0.000 <frozen importlib._bootstrap>:566(module_from_spec)
      295    0.004    0.000    0.039    0.000 <frozen importlib._bootstrap_external>:1604(find_spec)
        1    0.000    0.000    0.038    0.038 _distributor_init.py:1(<module>)
        1    0.000    0.000    0.033    0.033 defmatrix.py:1(<module>)
    30/28    0.000    0.000    0.032    0.001 <frozen importlib._bootstrap_external>:1231(create_module)
    30/28    0.026    0.001    0.032    0.001 {built-in method _imp.create_dynamic}
        1    0.000    0.000    0.030    0.030 _pickle.py:1(<module>)
        1    0.000    0.000    0.029    0.029 linalg.py:1(<module>)
    30/20    0.000    0.000    0.027    0.001 <frozen importlib._bootstrap_external>:1239(exec_module)
      638    0.000    0.000    0.027    0.000 <frozen importlib._bootstrap_external>:140(_path_stat)
      639    0.027    0.000    0.027    0.000 {built-in method posix.stat}
    30/20    0.005    0.000    0.027    0.001 {built-in method _imp.exec_dynamic}
        1    0.000    0.000    0.025    0.025 numerictypes.py:1(<module>)
      119    0.001    0.000    0.023    0.000 <frozen importlib._bootstrap_external>:727(_compile_bytecode)
        1    0.000    0.000    0.023    0.023 _type_aliases.py:1(<module>)
      194    0.000    0.000    0.023    0.000 <frozen importlib._bootstrap_external>:159(_path_isfile)
      209    0.000    0.000    0.022    0.000 <frozen importlib._bootstrap_external>:150(_path_is_mode_type)
      119    0.022    0.000    0.022    0.000 {built-in method marshal.loads}
        1    0.021    0.021    0.021    0.021 {built-in method mkl._py_mkl_service.get_version}
        1    0.000    0.000    0.019    0.019 py3k.py:1(<module>)
      119    0.018    0.000    0.018    0.000 {method '__exit__' of '_io._IOBase' objects}
        1    0.000    0.000    0.015    0.015 secrets.py:1(<module>)
        1    0.000    0.000    0.014    0.014 multiarray.py:1(<module>)
        1    0.000    0.000    0.014    0.014 twodim_base.py:366(tri)
        1    0.014    0.014    0.014    0.014 {method 'outer' of 'numpy.ufunc' objects}
  253/252    0.006    0.000    0.014    0.000 {built-in method builtins.__build_class__}
        1    0.000    0.000    0.013    0.013 numeric.py:1(<module>)
        1    0.000    0.000    0.013    0.013 overrides.py:1(<module>)
        1    0.000    0.000    0.013    0.013 code.py:18(load_points)
        1    0.000    0.000    0.013    0.013 npyio.py:1098(loadtxt)
        1    0.000    0.000    0.013    0.013 npyio.py:818(_read)
  191/131    0.000    0.000    0.012    0.000 typing.py:352(inner)
        1    0.000    0.000    0.011    0.011 {method 'mean' of 'numpy.ndarray' objects}
        1    0.000    0.000    0.011    0.011 pathlib.py:1(<module>)
        1    0.000    0.000    0.011    0.011 _methods.py:101(_mean)
        1    0.000    0.000    0.010    0.010 {method 'max' of 'numpy.ndarray' objects}
        1    0.000    0.000    0.010    0.010 _methods.py:39(_amax)
        1    0.000    0.000    0.010    0.010 {method 'min' of 'numpy.ndarray' objects}
        1    0.000    0.000    0.010    0.010 _methods.py:43(_amin)
        1    0.000    0.000    0.010    0.010 _datasource.py:155(open)
        1    0.000    0.000    0.010    0.010 _datasource.py:487(open)
      144    0.000    0.000    0.010    0.000 __init__.py:272(_compile)
        1    0.000    0.000    0.009    0.009 _datasource.py:344(_findfile)
       22    0.000    0.000    0.009    0.000 _compiler.py:738(compile)
       19    0.000    0.000    0.009    0.000 __init__.py:225(compile)
        1    0.000    0.000    0.009    0.009 __init__.py:32(__enter__)
        2    0.000    0.000    0.009    0.004 _datasource.py:294(_possible_names)
        3    0.000    0.000    0.009    0.003 _datasource.py:263(_iszip)
        5    0.000    0.000    0.009    0.002 _datasource.py:130(keys)
        6    0.000    0.000    0.009    0.001 _datasource.py:103(_load)
      317    0.001    0.000    0.008    0.000 overrides.py:142(decorator)
        2    0.000    0.000    0.008    0.004 shape_base.py:1(<module>)
        1    0.000    0.000    0.007    0.007 utils.py:1(<module>)
        1    0.000    0.000    0.007    0.007 hmac.py:1(<module>)
      150    0.001    0.000    0.006    0.000 <frozen importlib._bootstrap>:493(_init_module_attrs)
        1    0.000    0.000    0.006    0.006 _array_like.py:1(<module>)
        1    0.000    0.000    0.006    0.006 fromnumeric.py:1(<module>)
        1    0.000    0.000    0.006    0.006 parse.py:1(<module>)
      119    0.006    0.000    0.006    0.000 {method 'read' of '_io.BufferedReader' objects}
        1    0.000    0.000    0.005    0.005 platform.py:1(<module>)
       22    0.000    0.000    0.005    0.000 _parser.py:972(parse)
      156    0.001    0.000    0.005    0.000 typing.py:1353(__init__)
       54    0.000    0.000    0.005    0.000 typing.py:479(__getitem__)
       54    0.000    0.000    0.005    0.000 typing.py:658(Union)
    64/22    0.000    0.000    0.005    0.000 _parser.py:449(_parse_sub)
    67/24    0.002    0.000    0.005    0.000 _parser.py:509(_parse)
      278    0.001    0.000    0.005    0.000 overrides.py:83(verify_matching_signatures)
        1    0.000    0.000    0.004    0.004 npyio.py:1(<module>)
    45/12    0.000    0.000    0.004    0.000 typing.py:1380(__getitem__)
        1    0.000    0.000    0.004    0.004 _dtype_like.py:1(<module>)
        1    0.000    0.000    0.004    0.004 pickle.py:1(<module>)
     1489    0.002    0.000    0.004    0.000 <frozen importlib._bootstrap_external>:126(_path_join)
      238    0.001    0.000    0.004    0.000 <frozen importlib._bootstrap_external>:437(cache_from_source)
        2    0.000    0.000    0.004    0.002 polynomial.py:1(<module>)
        1    0.000    0.000    0.004    0.004 core.py:1(<module>)
      317    0.001    0.000    0.004    0.000 function_base.py:497(add_newdoc)
        1    0.000    0.000    0.003    0.003 _add_newdocs.py:1(<module>)
      268    0.000    0.000    0.003    0.000 <frozen importlib._bootstrap>:392(cached)
      605    0.001    0.000    0.003    0.000 _inspect.py:96(getargspec)
        1    0.000    0.000    0.003    0.003 _methods.py:1(<module>)
       22    0.000    0.000    0.003    0.000 _compiler.py:571(_code)
      379    0.001    0.000    0.003    0.000 <frozen importlib._bootstrap>:216(_lock_unlock_module)
        1    0.000    0.000    0.003    0.003 extras.py:1(<module>)
      149    0.000    0.000    0.003    0.000 <frozen importlib._bootstrap_external>:567(_get_cached)
        1    0.000    0.000    0.003    0.003 random.py:1(<module>)
        1    0.000    0.000    0.003    0.003 _globals.py:1(<module>)
        1    0.000    0.000    0.003    0.003 datetime.py:1(<module>)
        2    0.000    0.000    0.003    0.001 function_base.py:1(<module>)
       15    0.000    0.000    0.003    0.000 <frozen importlib._bootstrap_external>:1655(_fill_cache)
        1    0.000    0.000    0.003    0.003 scimath.py:1(<module>)
        1    0.000    0.000    0.003    0.003 _char_codes.py:1(<module>)
       39    0.000    0.000    0.003    0.000 typing.py:485(__getitem__)
      162    0.000    0.000    0.003    0.000 <frozen importlib._bootstrap>:169(__enter__)
     5185    0.002    0.000    0.003    0.000 {built-in method builtins.getattr}
       15    0.003    0.000    0.003    0.000 {built-in method posix.listdir}
        1    0.002    0.002    0.003    0.003 {built-in method numpy.core._multiarray_umath._load_from_filelike}
       39    0.000    0.000    0.003    0.000 typing.py:708(Literal)
   137/22    0.001    0.000    0.002    0.000 _compiler.py:37(_compile)
      541    0.002    0.000    0.002    0.000 <frozen importlib._bootstrap>:179(_get_module_lock)
    45/12    0.000    0.000    0.002    0.000 typing.py:1412(_determine_new_args)
    45/12    0.000    0.000    0.002    0.000 typing.py:1441(_make_substitution)
        1    0.000    0.000    0.002    0.002 bz2.py:1(<module>)
        1    0.000    0.000    0.002    0.002 _ufunc_config.py:1(<module>)
      331    0.001    0.000    0.002    0.000 functools.py:35(update_wrapper)
     1245    0.001    0.000    0.002    0.000 typing.py:1297(__setattr__)
       14    0.000    0.000    0.002    0.000 core.py:115(doc_note)
      149    0.000    0.000    0.002    0.000 <frozen importlib._bootstrap_external>:1599(_get_spec)
      159    0.001    0.000    0.002    0.000 typing.py:247(_collect_parameters)
    11753    0.002    0.000    0.002    0.000 {built-in method builtins.isinstance}
     1489    0.001    0.000    0.002    0.000 <frozen importlib._bootstrap_external>:128(<listcomp>)
      296    0.001    0.000    0.002    0.000 typing.py:168(_type_check)
        1    0.000    0.000    0.002    0.002 ipaddress.py:1(<module>)
       11    0.001    0.000    0.002    0.000 __init__.py:350(namedtuple)
      541    0.001    0.000    0.002    0.000 <frozen importlib._bootstrap>:100(acquire)
        1    0.000    0.000    0.002    0.002 lzma.py:1(<module>)
      586    0.001    0.000    0.002    0.000 _inspect.py:65(getargs)
      345    0.000    0.000    0.002    0.000 <frozen importlib._bootstrap_external>:1421(_path_importer_cache)
        1    0.000    0.000    0.002    0.002 twodim_base.py:1(<module>)
      280    0.000    0.000    0.002    0.000 typing.py:694(<genexpr>)
        1    0.000    0.000    0.002    0.002 getlimits.py:162(_register_known_types)
       28    0.001    0.000    0.002    0.000 inspect.py:867(cleandoc)
        1    0.000    0.000    0.002    0.002 defchararray.py:1(<module>)
        1    0.000    0.000    0.002    0.002 _internal.py:1(<module>)
  619/614    0.001    0.000    0.001    0.000 {built-in method __new__ of type object at 0x860f60}
     2247    0.001    0.000    0.001    0.000 {built-in method builtins.hasattr}
       26    0.000    0.000    0.001    0.000 <frozen abc>:105(__new__)
     1519    0.001    0.000    0.001    0.000 typing.py:1245(_is_dunder)
      238    0.001    0.000    0.001    0.000 <frozen importlib._bootstrap_external>:132(_path_split)
       12    0.000    0.000    0.001    0.000 typing.py:1661(copy_with)
      541    0.001    0.000    0.001    0.000 <frozen importlib._bootstrap>:125(release)
        1    0.000    0.000    0.001    0.001 type_check.py:1(<module>)
        1    0.000    0.000    0.001    0.001 base64.py:1(<module>)
      149    0.001    0.000    0.001    0.000 <frozen importlib._bootstrap_external>:778(spec_from_file_location)
        6    0.000    0.000    0.001    0.000 getlimits.py:34(__init__)
        1    0.000    0.000    0.001    0.001 _pocketfft.py:1(<module>)
      156    0.000    0.000    0.001    0.000 typing.py:1258(__init__)
      119    0.000    0.000    0.001    0.000 <frozen importlib._bootstrap_external>:1146(path_stats)
        1    0.000    0.000    0.001    0.001 <frozen importlib._bootstrap>:975(exec_module)
        1    0.000    0.000    0.001    0.001 <frozen ntpath>:1(<module>)
        1    0.001    0.001    0.001    0.001 extras.py:263(_fromnxfunction_single)
       10    0.000    0.000    0.001    0.000 extras.py:233(__init__)
       10    0.000    0.000    0.001    0.000 extras.py:237(getdoc)
        1    0.000    0.000    0.001    0.001 hashlib.py:1(<module>)
        1    0.000    0.000    0.001    0.001 gzip.py:1(<module>)
       14    0.000    0.000    0.001    0.000 hashlib.py:126(__get_openssl_constructor)
       54    0.000    0.000    0.001    0.000 typing.py:313(_remove_dups_flatten)
      119    0.001    0.000    0.001    0.000 <frozen importlib._bootstrap_external>:642(_classify_pyc)
        1    0.000    0.000    0.001    0.001 __init__.py:351(_sanity_check)
       27    0.000    0.000    0.001    0.000 typing.py:1804(__class_getitem__)
        1    0.000    0.000    0.001    0.001 contextvars.py:1(<module>)
     1893    0.001    0.000    0.001    0.000 {method 'join' of 'str' objects}
        1    0.001    0.001    0.001    0.001 {method 'dot' of 'numpy.ndarray' objects}
       36    0.000    0.000    0.001    0.000 getlimits.py:111(_float_to_str)
        2    0.000    0.000    0.001    0.000 hashlib.py:82(__get_builtin_constructor)
        5    0.000    0.000    0.001    0.000 typing.py:2874(__new__)
       15    0.000    0.000    0.001    0.000 <frozen importlib._bootstrap_external>:1408(_path_hooks)
      162    0.000    0.000    0.001    0.000 <frozen importlib._bootstrap>:173(__exit__)
       33    0.000    0.000    0.001    0.000 typing.py:1503(copy_with)
       57    0.001    0.000    0.001    0.000 _compiler.py:241(_optimize_charset)
       93    0.000    0.000    0.001    0.000 typing.py:299(_deduplicate)
       11    0.001    0.000    0.001    0.000 {built-in method builtins.eval}
     1000    0.001    0.000    0.001    0.000 _parser.py:164(__getitem__)
      144    0.000    0.000    0.001    0.000 typing.py:1705(__hash__)
5080/4936    0.001    0.000    0.001    0.000 {built-in method builtins.len}
        1    0.000    0.000    0.001    0.001 struct.py:1(<module>)
        3    0.000    0.000    0.001    0.000 warnings.py:130(filterwarnings)
      159    0.000    0.000    0.001    0.000 __init__.py:89(find_spec)
      245    0.000    0.000    0.001    0.000 {built-in method builtins.max}
        1    0.000    0.000    0.001    0.001 _add_newdocs_scalars.py:1(<module>)
      159    0.000    0.000    0.001    0.000 <frozen importlib._bootstrap>:920(find_spec)
       18    0.000    0.000    0.001    0.000 arrayprint.py:1595(_array_str_implementation)
      317    0.000    0.000    0.001    0.000 function_base.py:483(_add_docstring)
        1    0.000    0.000    0.001    0.001 _scalars.py:1(<module>)
      357    0.000    0.000    0.001    0.000 <frozen importlib._bootstrap_external>:84(_unpack_uint32)
        1    0.000    0.000    0.001    0.001 bisect.py:1(<module>)
       22    0.000    0.000    0.001    0.000 _compiler.py:509(_compile_info)
     1624    0.001    0.000    0.001    0.000 <frozen importlib._bootstrap>:244(_verbose_message)
        5    0.000    0.000    0.001    0.000 typing.py:2855(_make_nmtuple)
       18    0.000    0.000    0.001    0.000 arrayprint.py:506(wrapper)
       49    0.000    0.000    0.001    0.000 core.py:131(get_object_signature)
        1    0.000    0.000    0.001    0.001 nanfunctions.py:1(<module>)
        1    0.000    0.000    0.001    0.001 ipaddress.py:2265(_IPv6Constants)
     1881    0.001    0.000    0.001    0.000 {method 'startswith' of 'str' objects}
       28    0.000    0.000    0.001    0.000 ipaddress.py:2189(__init__)
       26    0.000    0.000    0.001    0.000 core.py:6855(__init__)
       18    0.001    0.000    0.001    0.000 arrayprint.py:1588(_guarded_repr_or_str)
       26    0.000    0.000    0.001    0.000 core.py:6860(getdoc)
      274    0.000    0.000    0.001    0.000 typing.py:1287(__getattr__)
     1793    0.001    0.000    0.001    0.000 {built-in method builtins.setattr}
      119    0.000    0.000    0.001    0.000 <frozen importlib._bootstrap_external>:675(_validate_timestamp_pyc)
      570    0.000    0.000    0.001    0.000 _parser.py:254(get)
        1    0.000    0.000    0.001    0.001 pickle.py:197(<listcomp>)
       52    0.000    0.000    0.001    0.000 core.py:894(__init__)
   172/57    0.000    0.000    0.001    0.000 _parser.py:174(getwidth)
     3639    0.001    0.000    0.001    0.000 {method 'append' of 'list' objects}
      161    0.000    0.000    0.001    0.000 <frozen importlib._bootstrap>:198(cb)
      161    0.000    0.000    0.001    0.000 <frozen importlib._bootstrap>:71(__init__)
        1    0.000    0.000    0.001    0.001 ipaddress.py:1542(_IPv4Constants)
      107    0.000    0.000    0.001    0.000 __init__.py:163(match)
     1868    0.000    0.000    0.000    0.000 typing.py:1695(<genexpr>)
      302    0.000    0.000    0.000    0.000 {method 'format' of 'str' objects}
        1    0.000    0.000    0.000    0.000 arrayprint.py:1(<module>)
      401    0.000    0.000    0.000    0.000 <frozen importlib._bootstrap>:405(parent)
       19    0.000    0.000    0.000    0.000 ipaddress.py:1475(__init__)
       14    0.000    0.000    0.000    0.000 __init__.py:198(split)
       15    0.000    0.000    0.000    0.000 <frozen importlib._bootstrap_external>:1696(path_hook_for_FileFinder)
     3217    0.000    0.000    0.000    0.000 {method 'rstrip' of 'str' objects}
  108/106    0.000    0.000    0.000    0.000 typing.py:1669(__hash__)
        1    0.000    0.000    0.000    0.000 ctypeslib.py:1(<module>)
      159    0.000    0.000    0.000    0.000 <frozen importlib._bootstrap>:748(find_spec)
     1062    0.000    0.000    0.000    0.000 {method 'rpartition' of 'str' objects}
        1    0.000    0.000    0.000    0.000 threading.py:1(<module>)
     1233    0.000    0.000    0.000    0.000 {method 'endswith' of 'str' objects}
        1    0.000    0.000    0.000    0.000 numbers.py:1(<module>)
        2    0.000    0.000    0.000    0.000 enum.py:497(__new__)
      605    0.000    0.000    0.000    0.000 _inspect.py:13(ismethod)
  277/219    0.000    0.000    0.000    0.000 typing.py:1371(__hash__)
      556    0.000    0.000    0.000    0.000 <string>:1(<lambda>)
        1    0.000    0.000    0.000    0.000 _datasource.py:431(exists)
      635    0.000    0.000    0.000    0.000 <frozen importlib._bootstrap>:1030(__exit__)
        1    0.000    0.000    0.000    0.000 <frozen genericpath>:16(exists)
      740    0.000    0.000    0.000    0.000 _parser.py:233(__next)
       24    0.000    0.000    0.000    0.000 _add_newdocs_scalars.py:71(add_newdoc_for_scalar_type)
      476    0.000    0.000    0.000    0.000 <frozen importlib._bootstrap_external>:134(<genexpr>)
      635    0.000    0.000    0.000    0.000 <frozen importlib._bootstrap>:1026(__enter__)
      317    0.000    0.000    0.000    0.000 function_base.py:465(_needs_add_docstring)
       51    0.000    0.000    0.000    0.000 {built-in method posix.getcwd}
        1    0.000    0.000    0.000    0.000 {built-in method io.open}
      378    0.000    0.000    0.000    0.000 {built-in method from_bytes}
       50    0.000    0.000    0.000    0.000 _internal.py:872(_ufunc_doc_signature_formatter)
      159    0.000    0.000    0.000    0.000 {built-in method _imp.find_frozen}
      605    0.000    0.000    0.000    0.000 _inspect.py:26(isfunction)
       15    0.000    0.000    0.000    0.000 <frozen zipimport>:64(__init__)
       43    0.000    0.000    0.000    0.000 ipaddress.py:1889(__init__)
       23    0.000    0.000    0.000    0.000 overrides.py:177(decorator)
        4    0.000    0.000    0.000    0.000 textwrap.py:419(dedent)
        1    0.000    0.000    0.000    0.000 arraysetops.py:1(<module>)
       30    0.000    0.000    0.000    0.000 _inspect.py:140(formatargspec)
  529/435    0.000    0.000    0.000    0.000 {built-in method builtins.hash}
       39    0.000    0.000    0.000    0.000 typing.py:329(_flatten_literal_params)
    347/1    0.000    0.000    0.000    0.000 __config__.py:19(_cleanup)
       44    0.000    0.000    0.000    0.000 typing.py:1033(__typing_subst__)
      119    0.000    0.000    0.000    0.000 {built-in method _imp._fix_co_filename}
        1    0.000    0.000    0.000    0.000 _polybase.py:1(<module>)
     39/1    0.000    0.000    0.000    0.000 __config__.py:25(<dictcomp>)
      119    0.000    0.000    0.000    0.000 <frozen importlib._bootstrap_external>:599(_check_name_wrapper)
      120    0.000    0.000    0.000    0.000 {built-in method numpy.array}
       35    0.000    0.000    0.000    0.000 _parser.py:94(closegroup)
      317    0.000    0.000    0.000    0.000 overrides.py:105(array_function_dispatch)
       26    0.000    0.000    0.000    0.000 {built-in method _abc._abc_init}
       24    0.000    0.000    0.000    0.000 dtypes.py:66(_add_dtype_helper)
      586    0.000    0.000    0.000    0.000 _inspect.py:41(iscode)
     1337    0.000    0.000    0.000    0.000 {built-in method _imp.acquire_lock}
     1337    0.000    0.000    0.000    0.000 {built-in method _imp.release_lock}
        1    0.000    0.000    0.000    0.000 _nested_sequence.py:1(<module>)
       44    0.000    0.000    0.000    0.000 enum.py:1509(__and__)
        1    0.000    0.000    0.000    0.000 ctypeslib.py:360(_get_scalar_type_map)
      159    0.000    0.000    0.000    0.000 {built-in method _imp.is_builtin}
      523    0.000    0.000    0.000    0.000 typing.py:1365(__eq__)
        1    0.000    0.000    0.000    0.000 ctypeslib.py:371(<dictcomp>)
       30    0.000    0.000    0.000    0.000 ipaddress.py:1282(__init__)
        1    0.000    0.000    0.000    0.000 einsumfunc.py:1(<module>)
     1084    0.000    0.000    0.000    0.000 {method '__exit__' of '_thread.lock' objects}
       13    0.000    0.000    0.000    0.000 core.py:8389(__init__)
      164    0.000    0.000    0.000    0.000 <frozen importlib._bootstrap_external>:180(_path_isabs)
        4    0.000    0.000    0.000    0.000 __init__.py:178(sub)
       15    0.000    0.000    0.000    0.000 <frozen importlib._bootstrap_external>:1559(__init__)
        1    0.000    0.000    0.000    0.000 _exceptions.py:1(<module>)
      380    0.000    0.000    0.000    0.000 typing.py:159(_type_convert)
     1013    0.000    0.000    0.000    0.000 {built-in method builtins.min}
       26    0.000    0.000    0.000    0.000 core.py:921(__init__)
       13    0.000    0.000    0.000    0.000 core.py:8394(getdoc)
        1    0.000    0.000    0.000    0.000 core.py:6550(__new__)
       81    0.000    0.000    0.000    0.000 typing.py:921(_is_unpacked_typevartuple)
     1101    0.000    0.000    0.000    0.000 {built-in method _thread.get_ident}
       12    0.000    0.000    0.000    0.000 datetime.py:592(__new__)
        1    0.000    0.000    0.000    0.000 _iotools.py:1(<module>)
       20    0.000    0.000    0.000    0.000 ipaddress.py:1183(_ip_int_from_string)
        1    0.000    0.000    0.000    0.000 contextlib.py:347(__exit__)
        1    0.000    0.000    0.000    0.000 stride_tricks.py:1(<module>)
      120    0.000    0.000    0.000    0.000 <frozen importlib._bootstrap>:48(_new_module)
        1    0.000    0.000    0.000    0.000 records.py:1(<module>)
       28    0.000    0.000    0.000    0.000 ipaddress.py:1617(_ip_int_from_string)
        1    0.000    0.000    0.000    0.000 {method 'close' of '_io.TextIOWrapper' objects}
      448    0.000    0.000    0.000    0.000 _parser.py:249(match)
        1    0.000    0.000    0.000    0.000 _endian.py:1(<module>)
        2    0.000    0.000    0.000    0.000 typing.py:2946(__new__)
        1    0.000    0.000    0.000    0.000 histograms.py:1(<module>)
        2    0.000    0.000    0.000    0.000 {built-in method builtins.sorted}
        1    0.000    0.000    0.000    0.000 _polybase.py:18(ABCPolyBase)
      131    0.000    0.000    0.000    0.000 {method 'split' of 'str' objects}
      159    0.000    0.000    0.000    0.000 <frozen importlib._bootstrap>:357(__init__)
        1    0.000    0.000    0.000    0.000 hermite_e.py:1(<module>)
       75    0.000    0.000    0.000    0.000 _compiler.py:396(_simple)
      324    0.000    0.000    0.000    0.000 {built-in method _thread.allocate_lock}
        1    0.000    0.000    0.000    0.000 getlimits.py:1(<module>)
    35/15    0.000    0.000    0.000    0.000 <frozen abc>:121(__subclasscheck__)
      320    0.000    0.000    0.000    0.000 _parser.py:172(append)
        1    0.000    0.000    0.000    0.000 legendre.py:1(<module>)
        6    0.000    0.000    0.000    0.000 numeric.py:2507(extend_all)
       18    0.000    0.000    0.000    0.000 core.py:997(__init__)
        1    0.000    0.000    0.000    0.000 _type_aliases.py:94(_add_aliases)
       13    0.000    0.000    0.000    0.000 <frozen abc>:110(register)
      969    0.000    0.000    0.000    0.000 typing.py:1358(<genexpr>)
        1    0.000    0.000    0.000    0.000 chebyshev.py:1(<module>)
      654    0.000    0.000    0.000    0.000 {method 'get' of 'dict' objects}
        1    0.000    0.000    0.000    0.000 contextlib.py:78(inner)
      323    0.000    0.000    0.000    0.000 functools.py:65(wraps)
        1    0.000    0.000    0.000    0.000 hermite.py:1(<module>)
        1    0.000    0.000    0.000    0.000 laguerre.py:1(<module>)
       36    0.000    0.000    0.000    0.000 getlimits.py:91(_float_to_float)
      342    0.000    0.000    0.000    0.000 {method 'strip' of 'str' objects}
       13    0.000    0.000    0.000    0.000 {built-in method _abc._abc_register}
    35/15    0.000    0.000    0.000    0.000 {built-in method _abc._abc_subclasscheck}
        1    0.000    0.000    0.000    0.000 mixins.py:1(<module>)
       24    0.000    0.000    0.000    0.000 numerictypes.py:514(_scalar_type_key)
       47    0.000    0.000    0.000    0.000 ipaddress.py:533(_split_addr_prefix)
        6    0.000    0.000    0.000    0.000 core.py:1146(__init__)
      302    0.000    0.000    0.000    0.000 _parser.py:160(__len__)
        1    0.000    0.000    0.000    0.000 _compat_pickle.py:1(<module>)
      224    0.000    0.000    0.000    0.000 typing.py:1664(__eq__)
      225    0.000    0.000    0.000    0.000 _parser.py:286(tell)
       57    0.000    0.000    0.000    0.000 _compiler.py:214(_compile_charset)
        4    0.000    0.000    0.000    0.000 typing.py:2045(__init_subclass__)
       15    0.000    0.000    0.000    0.000 <frozen importlib._bootstrap_external>:164(_path_isdir)
        2    0.000    0.000    0.000    0.000 stride_tricks.py:367(broadcast_to)
        1    0.000    0.000    0.000    0.000 core.py:2697(MaskedArray)
      312    0.000    0.000    0.000    0.000 typing.py:1699(__eq__)
        1    0.000    0.000    0.000    0.000 exceptions.py:1(<module>)
        1    0.000    0.000    0.000    0.000 numbers.py:32(Complex)
       13    0.000    0.000    0.000    0.000 enum.py:365(__setitem__)
       16    0.000    0.000    0.000    0.000 _type_aliases.py:58(bitname)
       80    0.000    0.000    0.000    0.000 ipaddress.py:1209(_parse_octet)
        2    0.000    0.000    0.000    0.000 enum.py:482(__prepare__)
        5    0.000    0.000    0.000    0.000 enum.py:242(__set_name__)
        2    0.000    0.000    0.000    0.000 stride_tricks.py:340(_broadcast_to)
       97    0.000    0.000    0.000    0.000 {method 'extend' of 'list' objects}
        1    0.000    0.000    0.000    0.000 {function SeedSequence.generate_state at 0x7f9bd92d1940}
       45    0.000    0.000    0.000    0.000 typing.py:289(_unpack_args)
      944    0.000    0.000    0.000    0.000 {method 'lstrip' of 'str' objects}
      342    0.000    0.000    0.000    0.000 {built-in method numpy.core._multiarray_umath.add_docstring}
       49    0.000    0.000    0.000    0.000 _parser.py:369(_escape)
        1    0.000    0.000    0.000    0.000 _compression.py:1(<module>)
        1    0.000    0.000    0.000    0.000 mixins.py:59(NDArrayOperatorsMixin)
      244    0.000    0.000    0.000    0.000 {method 'rfind' of 'str' objects}
        1    0.000    0.000    0.000    0.000 core.py:2808(__new__)
        1    0.000    0.000    0.000    0.000 _datasource.py:1(<module>)
       44    0.000    0.000    0.000    0.000 enum.py:686(__call__)
       14    0.000    0.000    0.000    0.000 {method 'split' of 're.Pattern' objects}
        8    0.000    0.000    0.000    0.000 typing.py:1019(__init__)
      362    0.000    0.000    0.000    0.000 {method 'update' of 'dict' objects}
    29/21    0.000    0.000    0.000    0.000 _compiler.py:434(_get_literal_prefix)
        1    0.000    0.000    0.000    0.000 threading.py:1402(__init__)
        3    0.000    0.000    0.000    0.000 _datasource.py:303(_isurl)
        8    0.000    0.000    0.000    0.000 _compiler.py:384(_mk_bitmap)
      395    0.000    0.000    0.000    0.000 {method 'add' of 'set' objects}
       35    0.000    0.000    0.000    0.000 _parser.py:82(opengroup)
        3    0.000    0.000    0.000    0.000 typing.py:1563(__getitem__)
       42    0.000    0.000    0.000    0.000 _parser.py:446(_uniq)
        1    0.000    0.000    0.000    0.000 arraypad.py:1(<module>)
      162    0.000    0.000    0.000    0.000 <frozen importlib._bootstrap>:165(__init__)
       12    0.000    0.000    0.000    0.000 <frozen codecs>:319(decode)
        1    0.000    0.000    0.000    0.000 helper.py:1(<module>)
        1    0.000    0.000    0.000    0.000 memmap.py:1(<module>)
       49    0.000    0.000    0.000    0.000 {method 'replace' of 'str' objects}
        4    0.000    0.000    0.000    0.000 parse.py:374(urlparse)
      4/3    0.000    0.000    0.000    0.000 {method 'view' of 'numpy.ndarray' objects}
      158    0.000    0.000    0.000    0.000 {method 'pop' of 'dict' objects}
       28    0.000    0.000    0.000    0.000 ipaddress.py:1597(_make_netmask)
        7    0.000    0.000    0.000    0.000 functools.py:518(decorating_function)
      480    0.000    0.000    0.000    0.000 typing.py:736(<genexpr>)
        4    0.000    0.000    0.000    0.000 _ufunc_config.py:430(__enter__)
        1    0.000    0.000    0.000    0.000 _internal.py:249(_ctypes)
       13    0.000    0.000    0.000    0.000 _dtype_ctypes.py:100(dtype_from_ctypes_type)
        1    0.000    0.000    0.000    0.000 _datasource.py:375(abspath)
       22    0.000    0.000    0.000    0.000 _parser.py:224(__init__)
        1    0.000    0.000    0.000    0.000 umath.py:1(<module>)
        1    0.000    0.000    0.000    0.000 _dtype_like.py:65(_DTypeDictBase)
        1    0.000    0.000    0.000    0.000 _shape.py:1(<module>)
        1    0.000    0.000    0.000    0.000 ufunclike.py:1(<module>)
      401    0.000    0.000    0.000    0.000 {built-in method posix.fspath}
       12    0.000    0.000    0.000    0.000 {built-in method _codecs.utf_8_decode}
        8    0.000    0.000    0.000    0.000 _ufunc_config.py:33(seterr)
      119    0.000    0.000    0.000    0.000 <frozen importlib._bootstrap_external>:1097(__init__)
        2    0.000    0.000    0.000    0.000 core.py:2978(__array_finalize__)
      102    0.000    0.000    0.000    0.000 typing.py:1406(<genexpr>)
        4    0.000    0.000    0.000    0.000 typing.py:1851(__init_subclass__)
       51    0.000    0.000    0.000    0.000 {built-in method builtins.locals}
       16    0.000    0.000    0.000    0.000 _type_aliases.py:44(_bits_of)
        1    0.000    0.000    0.000    0.000 datetime.py:2297(timezone)
        1    0.000    0.000    0.000    0.000 polyutils.py:1(<module>)
       19    0.000    0.000    0.000    0.000 ipaddress.py:1157(_make_netmask)
       36    0.000    0.000    0.000    0.000 getlimits.py:24(_fr1)
        3    0.000    0.000    0.000    0.000 typing.py:1572(copy_with)
       13    0.000    0.000    0.000    0.000 core.py:8406(_replace_return_type)
        1    0.000    0.000    0.000    0.000 linalg.py:97(_determine_error_states)
       42    0.000    0.000    0.000    0.000 getlimits.py:101(_float_conv)
       13    0.000    0.000    0.000    0.000 mixins.py:44(_numeric_methods)
        1    0.000    0.000    0.000    0.000 __future__.py:1(<module>)
        1    0.000    0.000    0.000    0.000 _globals.py:65(_CopyMode)
      167    0.000    0.000    0.000    0.000 {method 'find' of 'bytearray' objects}
        1    0.000    0.000    0.000    0.000 _machar.py:1(<module>)
        2    0.000    0.000    0.000    0.000 typing.py:2969(<dictcomp>)
       47    0.000    0.000    0.000    0.000 ipaddress.py:156(_split_optional_netmask)
      144    0.000    0.000    0.000    0.000 _parser.py:109(__init__)
        1    0.000    0.000    0.000    0.000 numeric.py:1673(indices)
      156    0.000    0.000    0.000    0.000 {method 'pop' of 'list' objects}
      183    0.000    0.000    0.000    0.000 typing.py:1694(_value_and_type_iter)
      295    0.000    0.000    0.000    0.000 <frozen importlib._bootstrap_external>:71(_relax_case)
      115    0.000    0.000    0.000    0.000 _parser.py:79(groups)
        2    0.000    0.000    0.000    0.000 _methods.py:67(_count_reduce_items)
        1    0.000    0.000    0.000    0.000 _string_helpers.py:1(<module>)
        2    0.000    0.000    0.000    0.000 __init__.py:72(CFUNCTYPE)
        1    0.000    0.000    0.000    0.000 core.py:3127(view)
       52    0.000    0.000    0.000    0.000 _add_newdocs.py:6754(refer_to_array_attribute)
        1    0.000    0.000    0.000    0.000 __init__.py:264(_reset_cache)
        1    0.000    0.000    0.000    0.000 pickle.py:1137(_Unpickler)
        2    0.000    0.000    0.000    0.000 contextlib.py:77(__call__)
       61    0.000    0.000    0.000    0.000 _inspect.py:144(<lambda>)
        1    0.000    0.000    0.000    0.000 numerictypes.py:589(_register_types)
       81    0.000    0.000    0.000    0.000 __init__.py:14(set_module)
       41    0.000    0.000    0.000    0.000 _add_newdocs_scalars.py:83(<genexpr>)
       72    0.000    0.000    0.000    0.000 {method 'copy' of 'numpy.ndarray' objects}
       18    0.000    0.000    0.000    0.000 {built-in method builtins.next}
       26    0.000    0.000    0.000    0.000 _parser.py:309(_class_escape)
        4    0.000    0.000    0.000    0.000 enum.py:939(_get_mixins_)
        1    0.000    0.000    0.000    0.000 _asarray.py:1(<module>)
        1    0.000    0.000    0.000    0.000 _datasource.py:246(__init__)
       28    0.000    0.000    0.000    0.000 {method 'expandtabs' of 'str' objects}
        2    0.000    0.000    0.000    0.000 <frozen abc>:117(__instancecheck__)
      395    0.000    0.000    0.000    0.000 {built-in method builtins.globals}
        5    0.000    0.000    0.000    0.000 typing.py:2857(<dictcomp>)
       31    0.000    0.000    0.000    0.000 ipaddress.py:1721(_parse_hextet)
       36    0.000    0.000    0.000    0.000 getlimits.py:16(_fr0)
        1    0.000    0.000    0.000    0.000 format.py:1(<module>)
        4    0.000    0.000    0.000    0.000 {built-in method numpy.arange}
        8    0.000    0.000    0.000    0.000 _compiler.py:386(<listcomp>)
        2    0.000    0.000    0.000    0.000 {built-in method numpy.empty}
        8    0.000    0.000    0.000    0.000 _parser.py:267(getuntil)
      150    0.000    0.000    0.000    0.000 <frozen importlib._bootstrap>:413(has_location)
       22    0.000    0.000    0.000    0.000 {built-in method _sre.compile}
        1    0.000    0.000    0.000    0.000 polynomial.py:1472(Polynomial)
        1    0.000    0.000    0.000    0.000 core.py:6568(__array_finalize__)
        1    0.000    0.000    0.000    0.000 _type_aliases.py:211(_set_array_types)
        8    0.000    0.000    0.000    0.000 typing.py:945(__init__)
        4    0.000    0.000    0.000    0.000 <frozen os>:674(__getitem__)
        1    0.000    0.000    0.000    0.000 <frozen posixpath>:397(abspath)
      107    0.000    0.000    0.000    0.000 {method 'match' of 're.Pattern' objects}
       14    0.000    0.000    0.000    0.000 __init__.py:144(_check_size)
       93    0.000    0.000    0.000    0.000 _inspect.py:131(strseq)
        2    0.000    0.000    0.000    0.000 {built-in method _abc._abc_instancecheck}
      296    0.000    0.000    0.000    0.000 {built-in method builtins.ord}
        2    0.000    0.000    0.000    0.000 random.py:119(__init__)
       11    0.000    0.000    0.000    0.000 {method 'remove' of 'list' objects}
        2    0.000    0.000    0.000    0.000 contextlib.py:260(contextmanager)
       17    0.000    0.000    0.000    0.000 _compiler.py:465(_get_charset_prefix)
        2    0.000    0.000    0.000    0.000 {built-in method _ctypes.POINTER}
        2    0.000    0.000    0.000    0.000 core.py:6744(__init__)
        1    0.000    0.000    0.000    0.000 pathlib.py:455(PurePath)
        1    0.000    0.000    0.000    0.000 arrayterator.py:1(<module>)
        2    0.000    0.000    0.000    0.000 functools.py:188(total_ordering)
        1    0.000    0.000    0.000    0.000 numerictypes.py:441(_construct_lookups)
        1    0.000    0.000    0.000    0.000 _version.py:1(<module>)
        1    0.000    0.000    0.000    0.000 _add_newdocs_scalars.py:18(numeric_type_aliases)
       54    0.000    0.000    0.000    0.000 typing.py:1818(<genexpr>)
        1    0.000    0.000    0.000    0.000 __init__.py:342(__init__)
        1    0.000    0.000    0.000    0.000 __config__.py:14(DisplayModes)
       81    0.000    0.000    0.000    0.000 __init__.py:25(decorator)
       36    0.000    0.000    0.000    0.000 _string_helpers.py:16(english_lower)
        1    0.000    0.000    0.000    0.000 linalg.py:39(EigResult)
        1    0.000    0.000    0.000    0.000 ipaddress.py:1276(IPv4Address)
      257    0.000    0.000    0.000    0.000 hmac.py:19(<genexpr>)
        3    0.000    0.000    0.000    0.000 __init__.py:503(PYFUNCTYPE)
        7    0.000    0.000    0.000    0.000 getlimits.py:685(__init__)
       25    0.000    0.000    0.000    0.000 ipaddress.py:474(_prefix_from_prefix_string)
       44    0.000    0.000    0.000    0.000 enum.py:1091(__new__)
        9    0.000    0.000    0.000    0.000 overrides.py:23(set_array_function_like_doc)
        1    0.000    0.000    0.000    0.000 threading.py:849(__init__)
        1    0.000    0.000    0.000    0.000 fnmatch.py:1(<module>)
        1    0.000    0.000    0.000    0.000 _pytesttester.py:1(<module>)
      119    0.000    0.000    0.000    0.000 <frozen importlib._bootstrap_external>:931(create_module)
       42    0.000    0.000    0.000    0.000 {built-in method fromkeys}
       22    0.000    0.000    0.000    0.000 _parser.py:73(__init__)
        1    0.000    0.000    0.000    0.000 defmatrix.py:73(matrix)
        2    0.000    0.000    0.000    0.000 datetime.py:765(__neg__)
       44    0.000    0.000    0.000    0.000 _compiler.py:568(isstring)
       76    0.000    0.000    0.000    0.000 _parser.py:168(__setitem__)
        1    0.000    0.000    0.000    0.000 parse.py:452(urlsplit)
       32    0.000    0.000    0.000    0.000 _type_aliases.py:46(<genexpr>)
        1    0.000    0.000    0.000    0.000 datetime.py:1669(datetime)
        2    0.000    0.000    0.000    0.000 twodim_base.py:33(_min_int)
        1    0.000    0.000    0.000    0.000 _dtype_like.py:71(_DTypeDict)
       78    0.000    0.000    0.000    0.000 _internal.py:883(<genexpr>)
        2    0.000    0.000    0.000    0.000 enum.py:1004(_find_new_)
        1    0.000    0.000    0.000    0.000 pathlib.py:112(_WindowsFlavour)
        1    0.000    0.000    0.000    0.000 numeric.py:136(ones)
        1    0.000    0.000    0.000    0.000 _iotools.py:450(StringConverter)
        1    0.000    0.000    0.000    0.000 pickle.py:407(_Pickler)
      257    0.000    0.000    0.000    0.000 hmac.py:20(<genexpr>)
        8    0.000    0.000    0.000    0.000 {method 'sub' of 're.Pattern' objects}
        1    0.000    0.000    0.000    0.000 random.py:128(seed)
        2    0.000    0.000    0.000    0.000 _datasource.py:417(_sanitize_relative_path)
       18    0.000    0.000    0.000    0.000 _add_newdocs_scalars.py:19(type_aliases_gen)
      119    0.000    0.000    0.000    0.000 <frozen importlib._bootstrap_external>:1122(get_filename)
      120    0.000    0.000    0.000    0.000 <frozen importlib._bootstrap_external>:1565(<genexpr>)
        2    0.000    0.000    0.000    0.000 <frozen _collections_abc>:778(__contains__)
        4    0.000    0.000    0.000    0.000 _ufunc_config.py:435(__exit__)
        3    0.000    0.000    0.000    0.000 datetime.py:1677(__new__)
        8    0.000    0.000    0.000    0.000 getlimits.py:709(max)
        1    0.000    0.000    0.000    0.000 {built-in method builtins.print}
       13    0.000    0.000    0.000    0.000 _dtype_ctypes.py:71(_from_ctypes_scalar)
       90    0.000    0.000    0.000    0.000 {built-in method builtins.issubclass}
        1    0.000    0.000    0.000    0.000 _dtype.py:1(<module>)
       22    0.000    0.000    0.000    0.000 _parser.py:956(fix_flags)
        4    0.000    0.000    0.000    0.000 enum.py:975(_find_data_type_)
       15    0.000    0.000    0.000    0.000 {built-in method builtins.delattr}
       28    0.000    0.000    0.000    0.000 ipaddress.py:1854(_split_scope_id)
        4    0.000    0.000    0.000    0.000 warnings.py:181(_add_filter)
       20    0.000    0.000    0.000    0.000 mixins.py:16(_binary_method)
        1    0.000    0.000    0.000    0.000 linalg.py:55(SVDResult)
       30    0.000    0.000    0.000    0.000 _type_aliases.py:203(_add_array_type)
        8    0.000    0.000    0.000    0.000 functools.py:479(lru_cache)
        1    0.000    0.000    0.000    0.000 ipaddress.py:1577(_BaseV6)
        1    0.000    0.000    0.000    0.000 {built-in method _hashlib.openssl_md5}
        1    0.000    0.000    0.000    0.000 hermite_e.py:1650(HermiteE)
        1    0.000    0.000    0.000    0.000 _type_aliases.py:74(_add_types)
       59    0.000    0.000    0.000    0.000 <frozen abc>:7(abstractmethod)
        1    0.000    0.000    0.000    0.000 threading.py:1008(_set_tstate_lock)
        1    0.000    0.000    0.000    0.000 ipaddress.py:1883(IPv6Address)
        1    0.000    0.000    0.000    0.000 _type_aliases.py:123(_add_integer_aliases)
        1    0.000    0.000    0.000    0.000 pathlib.py:857(Path)
        1    0.000    0.000    0.000    0.000 legendre.py:1619(Legendre)
        8    0.000    0.000    0.000    0.000 _ufunc_config.py:132(geterr)
       50    0.000    0.000    0.000    0.000 {built-in method sys.intern}
        9    0.000    0.000    0.000    0.000 {built-in method builtins.any}
        2    0.000    0.000    0.000    0.000 <frozen _collections_abc>:771(get)
        1    0.000    0.000    0.000    0.000 chebyshev.py:1995(Chebyshev)
        1    0.000    0.000    0.000    0.000 random.py:103(Random)
        3    0.000    0.000    0.000    0.000 <frozen posixpath>:117(splitext)
        1    0.000    0.000    0.000    0.000 ipaddress.py:671(_BaseNetwork)
       61    0.000    0.000    0.000    0.000 {built-in method builtins.repr}
       50    0.000    0.000    0.000    0.000 __init__.py:424(<genexpr>)
       30    0.000    0.000    0.000    0.000 <frozen importlib._bootstrap_external>:1220(__init__)
        1    0.000    0.000    0.000    0.000 bz2.py:26(BZ2File)
       36    0.000    0.000    0.000    0.000 {method 'translate' of 'str' objects}
        2    0.000    0.000    0.000    0.000 datetime.py:1340(__new__)
        7    0.000    0.000    0.000    0.000 <frozen os>:756(encode)
        1    0.000    0.000    0.000    0.000 datetime.py:893(date)
        1    0.000    0.000    0.000    0.000 contextlib.py:287(helper)
        1    0.000    0.000    0.000    0.000 npyio.py:760(_ensure_ndmin_ndarray)
        1    0.000    0.000    0.000    0.000 polynomial.py:1077(poly1d)
        8    0.000    0.000    0.000    0.000 enum.py:826(__setattr__)
        1    0.000    0.000    0.000    0.000 laguerre.py:1606(Laguerre)
       49    0.000    0.000    0.000    0.000 _compiler.py:31(_combine_flags)
        1    0.000    0.000    0.000    0.000 {function Random.seed at 0x7f9bd93109a0}
        1    0.000    0.000    0.000    0.000 linalg.py:51(SlogdetResult)
        2    0.000    0.000    0.000    0.000 core.py:2952(_update_from)
        1    0.000    0.000    0.000    0.000 hmac.py:27(HMAC)
       27    0.000    0.000    0.000    0.000 typing.py:277(_check_generic)
        1    0.000    0.000    0.000    0.000 contextlib.py:132(__enter__)
        1    0.000    0.000    0.000    0.000 extras.py:1607(MAxisConcatenator)
        1    0.000    0.000    0.000    0.000 hermite.py:1658(Hermite)
       58    0.000    0.000    0.000    0.000 {method 'isidentifier' of 'str' objects}
        8    0.000    0.000    0.000    0.000 typing.py:1955(_caller)
        1    0.000    0.000    0.000    0.000 defchararray.py:1922(chararray)
        6    0.000    0.000    0.000    0.000 enum.py:929(_check_for_existing_members_)
        8    0.000    0.000    0.000    0.000 enum.py:193(__get__)
        3    0.000    0.000    0.000    0.000 <frozen posixpath>:389(normpath)
        1    0.000    0.000    0.000    0.000 {built-in method builtins.dir}
        1    0.000    0.000    0.000    0.000 __init__.py:192(<dictcomp>)
        1    0.000    0.000    0.000    0.000 {built-in method _hashlib.openssl_sha1}
        2    0.000    0.000    0.000    0.000 <frozen posixpath>:71(join)
        2    0.000    0.000    0.000    0.000 arrayprint.py:503(decorating_function)
        2    0.000    0.000    0.000    0.000 _ufunc_config.py:452(_no_nep50_warning)
        2    0.000    0.000    0.000    0.000 datetime.py:923(__new__)
        1    0.000    0.000    0.000    0.000 warnings.py:165(simplefilter)
        1    0.000    0.000    0.000    0.000 _nested_sequence.py:18(_NestedSequence)
        1    0.000    0.000    0.000    0.000 {built-in method _hashlib.openssl_sha3_224}
        1    0.000    0.000    0.000    0.000 threading.py:555(__init__)
        5    0.000    0.000    0.000    0.000 datetime.py:515(_check_date_fields)
       15    0.000    0.000    0.000    0.000 enum.py:745(__delattr__)
        8    0.000    0.000    0.000    0.000 __init__.py:56(__init_subclass__)
       13    0.000    0.000    0.000    0.000 mixins.py:36(_inplace_binary_method)
        1    0.000    0.000    0.000    0.000 threading.py:583(set)
       94    0.000    0.000    0.000    0.000 ipaddress.py:574(__int__)
        1    0.000    0.000    0.000    0.000 linalg.py:43(EighResult)
       81    0.000    0.000    0.000    0.000 {method 'items' of 'dict' objects}
       85    0.000    0.000    0.000    0.000 _compat_pickle.py:167(<genexpr>)
       13    0.000    0.000    0.000    0.000 enum.py:79(_is_private)
        1    0.000    0.000    0.000    0.000 _type_aliases.py:151(_set_up_aliases)
       46    0.000    0.000    0.000    0.000 _compiler.py:426(_get_iscased)
        7    0.000    0.000    0.000    0.000 core.py:2544(_arraymethod)
       15    0.000    0.000    0.000    0.000 enum.py:48(_is_dunder)
        1    0.000    0.000    0.000    0.000 numbers.py:294(Integral)
        1    0.000    0.000    0.000    0.000 numbers.py:147(Real)
        5    0.000    0.000    0.000    0.000 parse.py:811(__getattr__)
        1    0.000    0.000    0.000    0.000 index_tricks.py:310(AxisConcatenator)
        4    0.000    0.000    0.000    0.000 {method 'findall' of 're.Pattern' objects}
        1    0.000    0.000    0.000    0.000 _dtype_ctypes.py:1(<module>)
        1    0.000    0.000    0.000    0.000 lzma.py:38(LZMAFile)
        1    0.000    0.000    0.000    0.000 __init__.py:439(LibraryLoader)
        1    0.000    0.000    0.000    0.000 datetime.py:1315(time)
        1    0.000    0.000    0.000    0.000 _compiler.py:389(_bytes_to_codes)
        4    0.000    0.000    0.000    0.000 _compiler.py:405(_generate_overlap_table)
        1    0.000    0.000    0.000    0.000 _convertions.py:1(<module>)
       14    0.000    0.000    0.000    0.000 mixins.py:26(_reflected_binary_method)
        1    0.000    0.000    0.000    0.000 linalg.py:47(QRResult)
        3    0.000    0.000    0.000    0.000 {built-in method builtins.all}
        4    0.000    0.000    0.000    0.000 enum.py:770(__getattr__)
       50    0.000    0.000    0.000    0.000 {method '__contains__' of 'frozenset' objects}
        1    0.000    0.000    0.000    0.000 _internal.py:240(_missing_ctypes)
        2    0.000    0.000    0.000    0.000 functools.py:191(<setcomp>)
      105    0.000    0.000    0.000    0.000 {method 'isdigit' of 'str' objects}
       13    0.000    0.000    0.000    0.000 enum.py:59(_is_sunder)
        1    0.000    0.000    0.000    0.000 <frozen os>:688(__delitem__)
        5    0.000    0.000    0.000    0.000 parse.py:119(_coerce_args)
        1    0.000    0.000    0.000    0.000 datetime.py:573(timedelta)
        9    0.000    0.000    0.000    0.000 {built-in method numpy.seterrobj}
        3    0.000    0.000    0.000    0.000 <frozen _collections_abc>:78(_check_methods)
        1    0.000    0.000    0.000    0.000 threading.py:838(Thread)
        1    0.000    0.000    0.000    0.000 gzip.py:121(GzipFile)
        1    0.000    0.000    0.000    0.000 ipaddress.py:383(_IPAddressBase)
        1    0.000    0.000    0.000    0.000 core.py:6540(MaskedConstant)
       25    0.000    0.000    0.000    0.000 ipaddress.py:431(_ip_int_from_prefix)
        1    0.000    0.000    0.000    0.000 parse.py:152(_NetlocResultMixinBase)
        1    0.000    0.000    0.000    0.000 core.py:1329(make_mask_descr)
        1    0.000    0.000    0.000    0.000 <frozen os>:682(__setitem__)
      105    0.000    0.000    0.000    0.000 {method 'isascii' of 'str' objects}
        2    0.000    0.000    0.000    0.000 {built-in method posix.uname}
        1    0.000    0.000    0.000    0.000 random.py:800(getrandbits)
        1    0.000    0.000    0.000    0.000 contextlib.py:104(__init__)
        6    0.000    0.000    0.000    0.000 typing.py:1568(<genexpr>)
       81    0.000    0.000    0.000    0.000 {built-in method _sre.unicode_iscased}
       96    0.000    0.000    0.000    0.000 {built-in method builtins.abs}
        2    0.000    0.000    0.000    0.000 <frozen os>:1081(__subclasshook__)
       13    0.000    0.000    0.000    0.000 _internal.py:920(npy_ctypes_check)
       43    0.000    0.000    0.000    0.000 _compat_pickle.py:165(<genexpr>)
        3    0.000    0.000    0.000    0.000 <frozen genericpath>:121(_splitext)
        1    0.000    0.000    0.000    0.000 _datasource.py:280(_splitzipext)
        1    0.000    0.000    0.000    0.000 contextlib.py:141(__exit__)
        8    0.000    0.000    0.000    0.000 _parser.py:297(checkgroupname)
        1    0.000    0.000    0.000    0.000 ipaddress.py:1460(IPv4Network)
        1    0.000    0.000    0.000    0.000 core.py:1315(_replace_dtype_fields)
       51    0.000    0.000    0.000    0.000 __init__.py:96(<lambda>)
        1    0.000    0.000    0.000    0.000 __init__.py:221(<dictcomp>)
        2    0.000    0.000    0.000    0.000 function_base.py:348(iterable)
        1    0.000    0.000    0.000    0.000 {method 'astype' of 'numpy.ndarray' objects}
       31    0.000    0.000    0.000    0.000 {method 'issuperset' of 'frozenset' objects}
        1    0.000    0.000    0.000    0.000 memmap.py:22(memmap)
        1    0.000    0.000    0.000    0.000 _inspect.py:1(<module>)
        5    0.000    0.000    0.000    0.000 datetime.py:528(_check_time_fields)
        1    0.000    0.000    0.000    0.000 _exceptions.py:38(_UFuncNoLoopError)
       12    0.000    0.000    0.000    0.000 {built-in method builtins.round}
        8    0.000    0.000    0.000    0.000 {method 'removeprefix' of 'str' objects}
       18    0.000    0.000    0.000    0.000 {built-in method _struct.calcsize}
        6    0.000    0.000    0.000    0.000 typing.py:1825(<genexpr>)
        1    0.000    0.000    0.000    0.000 _add_newdocs_scalars.py:54(_get_platform_and_machine)
        6    0.000    0.000    0.000    0.000 typing.py:2412(get_origin)
        5    0.000    0.000    0.000    0.000 functools.py:966(__init__)
        1    0.000    0.000    0.000    0.000 __init__.py:273(<dictcomp>)
       28    0.000    0.000    0.000    0.000 {method 'get' of 'mappingproxy' objects}
       60    0.000    0.000    0.000    0.000 {built-in method builtins.divmod}
        1    0.000    0.000    0.000    0.000 _type_aliases.py:41(<setcomp>)
        1    0.000    0.000    0.000    0.000 platform.py:783(uname_result)
        1    0.000    0.000    0.000    0.000 threading.py:236(__init__)
        5    0.000    0.000    0.000    0.000 enum.py:38(_is_descriptor)
        1    0.000    0.000    0.000    0.000 _iotools.py:229(NameValidator)
        1    0.000    0.000    0.000    0.000 _internal.py:217(_getintp_ctype)
       25    0.000    0.000    0.000    0.000 ipaddress.py:415(_check_int_address)
        1    0.000    0.000    0.000    0.000 npyio.py:106(NpzFile)
       23    0.000    0.000    0.000    0.000 overrides.py:173(array_function_from_dispatcher)
        1    0.000    0.000    0.000    0.000 <frozen _collections_abc>:362(__subclasshook__)
        1    0.000    0.000    0.000    0.000 _internal.py:205(dummy_ctype)
        6    0.000    0.000    0.000    0.000 _exceptions.py:17(_display_as_base)
        1    0.000    0.000    0.000    0.000 _globals.py:52(__new__)
        1    0.000    0.000    0.000    0.000 pathlib.py:1398(WindowsPath)
        1    0.000    0.000    0.000    0.000 ctypeslib.py:181(_ndptr)
        1    0.000    0.000    0.000    0.000 threading.py:389(notify_all)
        1    0.000    0.000    0.000    0.000 pathlib.py:128(<setcomp>)
        3    0.000    0.000    0.000    0.000 typing.py:1529(__mro_entries__)
       13    0.000    0.000    0.000    0.000 enum.py:70(_is_internal_class)
        2    0.000    0.000    0.000    0.000 enum.py:358(__init__)
        1    0.000    0.000    0.000    0.000 fromnumeric.py:1491(squeeze)
        1    0.000    0.000    0.000    0.000 _datasource.py:196(DataSource)
        1    0.000    0.000    0.000    0.000 __init__.py:321(CDLL)
       68    0.000    0.000    0.000    0.000 {built-in method _sre.unicode_tolower}
        1    0.000    0.000    0.000    0.000 ipaddress.py:2098(IPv6Interface)
        1    0.000    0.000    0.000    0.000 _ufunc_config.py:441(_setdef)
        1    0.000    0.000    0.000    0.000 ipaddress.py:1135(_BaseV4)
        1    0.000    0.000    0.000    0.000 platform.py:740(_Processor)
        1    0.000    0.000    0.000    0.000 arrayprint.py:1304(DatetimeFormat)
        1    0.000    0.000    0.000    0.000 __config__.py:95(<listcomp>)
        1    0.000    0.000    0.000    0.000 version.py:1(<module>)
       18    0.000    0.000    0.000    0.000 {built-in method numpy.geterrobj}
        2    0.000    0.000    0.000    0.000 {method 'reshape' of 'numpy.ndarray' objects}
        8    0.000    0.000    0.000    0.000 {method 'translate' of 'bytearray' objects}
        1    0.000    0.000    0.000    0.000 threading.py:822(_maintain_shutdown_locks)
        9    0.000    0.000    0.000    0.000 _pytesttester.py:76(__init__)
        1    0.000    0.000    0.000    0.000 core.py:797(_DomainCheckInterval)
        1    0.000    0.000    0.000    0.000 parse.py:361(_fix_result_transcoding)
        1    0.000    0.000    0.000    0.000 _exceptions.py:116(_ArrayMemoryError)
        1    0.000    0.000    0.000    0.000 records.py:87(format_parser)
        1    0.000    0.000    0.000    0.000 threading.py:224(Condition)
        1    0.000    0.000    0.000    0.000 extras.py:1655(__init__)
        1    0.000    0.000    0.000    0.000 <frozen os>:760(decode)
       28    0.000    0.000    0.000    0.000 {method 'partition' of 'str' objects}
        1    0.000    0.000    0.000    0.000 ipaddress.py:563(_BaseAddress)
        2    0.000    0.000    0.000    0.000 {built-in method numpy.core._multiarray_umath.normalize_axis_index}
        1    0.000    0.000    0.000    0.000 <frozen posixpath>:60(isabs)
       38    0.000    0.000    0.000    0.000 {built-in method _ctypes.sizeof}
        1    0.000    0.000    0.000    0.000 getlimits.py:378(finfo)
        2    0.000    0.000    0.000    0.000 copyreg.py:12(pickle)
        1    0.000    0.000    0.000    0.000 _nbit.py:1(<module>)
       10    0.000    0.000    0.000    0.000 __future__.py:83(__init__)
        1    0.000    0.000    0.000    0.000 {built-in method posix.urandom}
        1    0.000    0.000    0.000    0.000 {built-in method posix.putenv}
        1    0.000    0.000    0.000    0.000 ipaddress.py:1393(IPv4Interface)
       14    0.000    0.000    0.000    0.000 {built-in method sys._getframe}
        1    0.000    0.000    0.000    0.000 <frozen importlib._bootstrap>:895(_resolve_filename)
       16    0.000    0.000    0.000    0.000 _dtype.py:24(_kind_name)
        4    0.000    0.000    0.000    0.000 typing.py:2230(runtime_checkable)
        1    0.000    0.000    0.000    0.000 threading.py:637(Barrier)
        1    0.000    0.000    0.000    0.000 getlimits.py:630(iinfo)
        3    0.000    0.000    0.000    0.000 index_tricks.py:320(__init__)
        1    0.000    0.000    0.000    0.000 {method 'view' of 'numpy.generic' objects}
        1    0.000    0.000    0.000    0.000 threading.py:1005(_set_native_id)
        1    0.000    0.000    0.000    0.000 random.py:215(__init_subclass__)
        1    0.000    0.000    0.000    0.000 threading.py:544(Event)
        8    0.000    0.000    0.000    0.000 enum.py:1249(value)
       16    0.000    0.000    0.000    0.000 _add_newdocs_scalars.py:79(<genexpr>)
       18    0.000    0.000    0.000    0.000 {built-in method builtins.id}
        5    0.000    0.000    0.000    0.000 _ufunc_config.py:426(__init__)
        1    0.000    0.000    0.000    0.000 _weakrefset.py:37(__init__)
        1    0.000    0.000    0.000    0.000 {built-in method _hashlib.openssl_sha224}
        6    0.000    0.000    0.000    0.000 stride_tricks.py:345(<genexpr>)
       36    0.000    0.000    0.000    0.000 {built-in method _operator.index}
       27    0.000    0.000    0.000    0.000 {method 'lower' of 'str' objects}
        2    0.000    0.000    0.000    0.000 {built-in method posix.register_at_fork}
       18    0.000    0.000    0.000    0.000 {method 'discard' of 'set' objects}
        1    0.000    0.000    0.000    0.000 arrayprint.py:1367(StructuredVoidFormat)
       10    0.000    0.000    0.000    0.000 {method 'setter' of 'property' objects}
        3    0.000    0.000    0.000    0.000 __init__.py:421(<genexpr>)
        2    0.000    0.000    0.000    0.000 core.py:6643(__setattr__)
        1    0.000    0.000    0.000    0.000 {built-in method _hashlib.openssl_sha3_512}
        1    0.000    0.000    0.000    0.000 {built-in method _hashlib.openssl_sha3_256}
        1    0.000    0.000    0.000    0.000 index_tricks.py:530(__init__)
        5    0.000    0.000    0.000    0.000 typing.py:2856(<listcomp>)
        7    0.000    0.000    0.000    0.000 {method 'encode' of 'str' objects}
        2    0.000    0.000    0.000    0.000 {method 'find' of 'str' objects}
       10    0.000    0.000    0.000    0.000 typing.py:2880(<genexpr>)
        1    0.000    0.000    0.000    0.000 _compression.py:33(DecompressReader)
        1    0.000    0.000    0.000    0.000 _parser.py:896(_parse_flags)
        1    0.000    0.000    0.000    0.000 core.py:191(<listcomp>)
        7    0.000    0.000    0.000    0.000 getlimits.py:157(_register_type)
        1    0.000    0.000    0.000    0.000 {built-in method _hashlib.openssl_shake_128}
        1    0.000    0.000    0.000    0.000 {built-in method _hashlib.openssl_sha384}
        3    0.000    0.000    0.000    0.000 {built-in method posix._path_normpath}
        1    0.000    0.000    0.000    0.000 {built-in method _hashlib.openssl_shake_256}
        1    0.000    0.000    0.000    0.000 {built-in method _hashlib.openssl_sha256}
        1    0.000    0.000    0.000    0.000 arrayterator.py:16(Arrayterator)
        1    0.000    0.000    0.000    0.000 threading.py:1421(_DummyThread)
        1    0.000    0.000    0.000    0.000 {built-in method _ctypes.dlopen}
        1    0.000    0.000    0.000    0.000 {built-in method _hashlib.openssl_sha3_384}
        1    0.000    0.000    0.000    0.000 <frozen importlib._bootstrap>:422(spec_from_loader)
        1    0.000    0.000    0.000    0.000 datetime.py:1284(IsoCalendarDate)
        1    0.000    0.000    0.000    0.000 {built-in method posix.unsetenv}
        1    0.000    0.000    0.000    0.000 getlimits.py:32(MachArLike)
        2    0.000    0.000    0.000    0.000 enum.py:961(_find_data_repr_)
        1    0.000    0.000    0.000    0.000 __future__.py:81(_Feature)
        1    0.000    0.000    0.000    0.000 core.py:6345(mvoid)
        1    0.000    0.000    0.000    0.000 index_tricks.py:255(__init__)
        1    0.000    0.000    0.000    0.000 threading.py:359(notify)
        1    0.000    0.000    0.000    0.000 {method 'union' of 'set' objects}
        1    0.000    0.000    0.000    0.000 function_base.py:2117(vectorize)
       12    0.000    0.000    0.000    0.000 <frozen codecs>:331(getstate)
        1    0.000    0.000    0.000    0.000 <frozen codecs>:309(__init__)
        1    0.000    0.000    0.000    0.000 _version.py:14(NumpyVersion)
        1    0.000    0.000    0.000    0.000 parse.py:220(_NetlocResultMixinBytes)
        1    0.000    0.000    0.000    0.000 pickle.py:200(_Framer)
        1    0.000    0.000    0.000    0.000 pathlib.py:231(_PosixFlavour)
        1    0.000    0.000    0.000    0.000 {method 'squeeze' of 'numpy.ndarray' objects}
        1    0.000    0.000    0.000    0.000 {built-in method _hashlib.openssl_sha512}
        3    0.000    0.000    0.000    0.000 {built-in method numpy.asanyarray}
        1    0.000    0.000    0.000    0.000 pathlib.py:129(<setcomp>)
        1    0.000    0.000    0.000    0.000 core.py:1283(_replace_dtype_fields_recursive)
        2    0.000    0.000    0.000    0.000 getlimits.py:696(min)
        1    0.000    0.000    0.000    0.000 {built-in method _thread.get_native_id}
        3    0.000    0.000    0.000    0.000 typing.py:926(_is_typevar_like)
        1    0.000    0.000    0.000    0.000 threading.py:103(_RLock)
        3    0.000    0.000    0.000    0.000 datetime.py:2317(_create)
       12    0.000    0.000    0.000    0.000 <frozen _collections_abc>:315(__subclasshook__)
        1    0.000    0.000    0.000    0.000 numbers.py:267(Rational)
        1    0.000    0.000    0.000    0.000 core.py:2372(_MaskedPrintOption)
        4    0.000    0.000    0.000    0.000 <frozen posixpath>:131(splitdrive)
        1    0.000    0.000    0.000    0.000 gzip.py:75(_PaddedFile)
        1    0.000    0.000    0.000    0.000 {method 'set' of '_contextvars.ContextVar' objects}
        1    0.000    0.000    0.000    0.000 core.py:190(<listcomp>)
        1    0.000    0.000    0.000    0.000 _weakrefset.py:85(add)
        1    0.000    0.000    0.000    0.000 gzip.py:455(_GzipReader)
        4    0.000    0.000    0.000    0.000 typing.py:2959(<genexpr>)
        7    0.000    0.000    0.000    0.000 {method 'setdefault' of 'dict' objects}
        2    0.000    0.000    0.000    0.000 stride_tricks.py:25(_maybe_view_as_subclass)
        4    0.000    0.000    0.000    0.000 core.py:3417(dtype)
        4    0.000    0.000    0.000    0.000 mixins.py:51(_unary_method)
        8    0.000    0.000    0.000    0.000 typing.py:2050(<genexpr>)
        1    0.000    0.000    0.000    0.000 _ufunc_config.py:30(<dictcomp>)
        1    0.000    0.000    0.000    0.000 {built-in method math.exp}
        1    0.000    0.000    0.000    0.000 npyio.py:787(_check_nonneg_int)
       16    0.000    0.000    0.000    0.000 {method 'values' of 'dict' objects}
        1    0.000    0.000    0.000    0.000 __init__.py:43(__exit__)
        6    0.000    0.000    0.000    0.000 _type_aliases.py:92(<genexpr>)
        1    0.000    0.000    0.000    0.000 _machar.py:17(MachAr)
        5    0.000    0.000    0.000    0.000 typing.py:2938(_namedtuple_mro_entries)
        1    0.000    0.000    0.000    0.000 core.py:6735(_extrema_operation)
       12    0.000    0.000    0.000    0.000 {method 'islower' of 'str' objects}
        1    0.000    0.000    0.000    0.000 random.py:787(SystemRandom)
        1    0.000    0.000    0.000    0.000 threading.py:264(__enter__)
        5    0.000    0.000    0.000    0.000 datetime.py:51(_days_in_month)
        2    0.000    0.000    0.000    0.000 {built-in method maketrans}
        1    0.000    0.000    0.000    0.000 core.py:2589(MaskedIterator)
        3    0.000    0.000    0.000    0.000 <frozen posixpath>:41(_get_sep)
        3    0.000    0.000    0.000    0.000 __init__.py:504(CFunctionType)
        1    0.000    0.000    0.000    0.000 npyio.py:42(BagObj)
        1    0.000    0.000    0.000    0.000 <frozen importlib._bootstrap>:962(create_module)
        3    0.000    0.000    0.000    0.000 datetime.py:46(_days_before_year)
        1    0.000    0.000    0.000    0.000 _datasource.py:99(__init__)
        1    0.000    0.000    0.000    0.000 pickle.py:263(_Unframer)
        1    0.000    0.000    0.000    0.000 index_tricks.py:562(__init__)
        1    0.000    0.000    0.000    0.000 records.py:223(record)
        1    0.000    0.000    0.000    0.000 core.py:8376(_convert2ma)
        1    0.000    0.000    0.000    0.000 datetime.py:1223(tzinfo)
        1    0.000    0.000    0.000    0.000 __config__.py:98(<listcomp>)
        1    0.000    0.000    0.000    0.000 _datasource.py:536(Repository)
        3    0.000    0.000    0.000    0.000 core.py:1362(getmask)
        2    0.000    0.000    0.000    0.000 {method 'acquire' of '_thread.lock' objects}
        1    0.000    0.000    0.000    0.000 utils.py:104(_Deprecate)
        1    0.000    0.000    0.000    0.000 _dtype_like.py:81(_SupportsDType)
        1    0.000    0.000    0.000    0.000 {method 'reset' of '_contextvars.ContextVar' objects}
        1    0.000    0.000    0.000    0.000 _iotools.py:133(LineSplitter)
        1    0.000    0.000    0.000    0.000 {method 'tolist' of 'memoryview' objects}
        1    0.000    0.000    0.000    0.000 _datasource.py:256(__del__)
        1    0.000    0.000    0.000    0.000 _ufunc_config.py:367(errstate)
        1    0.000    0.000    0.000    0.000 __init__.py:261(c_wchar)
        1    0.000    0.000    0.000    0.000 _internal.py:616(_Stream)
        9    0.000    0.000    0.000    0.000 _globals.py:58(__repr__)
        1    0.000    0.000    0.000    0.000 parse.py:820(_Quoter)
        1    0.000    0.000    0.000    0.000 threading.py:1317(_make_invoke_excepthook)
        2    0.000    0.000    0.000    0.000 pathlib.py:53(__init__)
        5    0.000    0.000    0.000    0.000 functools.py:972(__set_name__)
        1    0.000    0.000    0.000    0.000 pathlib.py:49(_Flavour)
       12    0.000    0.000    0.000    0.000 {method '__init_subclass__' of 'object' objects}
        1    0.000    0.000    0.000    0.000 records.py:308(recarray)
        1    0.000    0.000    0.000    0.000 _compression.py:9(BaseStream)
        3    0.000    0.000    0.000    0.000 core.py:806(__init__)
        1    0.000    0.000    0.000    0.000 py3k.py:92(contextlib_nullcontext)
        5    0.000    0.000    0.000    0.000 enum.py:239(__init__)
        2    0.000    0.000    0.000    0.000 {method '__exit__' of 'numpy.nditer' objects}
        1    0.000    0.000    0.000    0.000 _globals.py:32(_NoValueType)
        1    0.000    0.000    0.000    0.000 index_tricks.py:618(ndindex)
        4    0.000    0.000    0.000    0.000 {built-in method _warnings._filters_mutated}
        1    0.000    0.000    0.000    0.000 parse.py:190(_NetlocResultMixinStr)
        1    0.000    0.000    0.000    0.000 core.py:6844(_frommethod)
        1    0.000    0.000    0.000    0.000 ctypeslib.py:202(_concrete_ndptr)
        1    0.000    0.000    0.000    0.000 threading.py:279(_is_owned)
        2    0.000    0.000    0.000    0.000 {method 'copy' of 'list' objects}
        7    0.000    0.000    0.000    0.000 {method 'keys' of 'dict' objects}
        4    0.000    0.000    0.000    0.000 core.py:6544(__has_singleton)
        1    0.000    0.000    0.000    0.000 core.py:977(_MaskedBinaryOperation)
        1    0.000    0.000    0.000    0.000 index_tricks.py:569(ndenumerate)
        1    0.000    0.000    0.000    0.000 __init__.py:156(py_object)
        1    0.000    0.000    0.000    0.000 _datasource.py:74(_FileOpeners)
        8    0.000    0.000    0.000    0.000 typing.py:1028(<genexpr>)
        1    0.000    0.000    0.000    0.000 pathlib.py:422(_PathParents)
        2    0.000    0.000    0.000    0.000 {built-in method math.log}
        2    0.000    0.000    0.000    0.000 {built-in method builtins.iter}
        1    0.000    0.000    0.000    0.000 threading.py:90(RLock)
        6    0.000    0.000    0.000    0.000 core.py:846(__init__)
        5    0.000    0.000    0.000    0.000 _inspect.py:143(<lambda>)
        1    0.000    0.000    0.000    0.000 core.py:195(<listcomp>)
        4    0.000    0.000    0.000    0.000 {method 'update' of 'set' objects}
        1    0.000    0.000    0.000    0.000 index_tricks.py:303(__init__)
        1    0.000    0.000    0.000    0.000 _parser.py:96(checkgroup)
        4    0.000    0.000    0.000    0.000 {method 'insert' of 'list' objects}
        1    0.000    0.000    0.000    0.000 ipaddress.py:2173(IPv6Network)
        1    0.000    0.000    0.000    0.000 npyio.py:1368(<listcomp>)
        1    0.000    0.000    0.000    0.000 index_tricks.py:109(nd_grid)
        5    0.000    0.000    0.000    0.000 datetime.py:545(_check_tzinfo_arg)
        1    0.000    0.000    0.000    0.000 extras.py:213(_fromnxfunction)
        1    0.000    0.000    0.000    0.000 {method 'cast' of 'memoryview' objects}
        4    0.000    0.000    0.000    0.000 _inspect.py:142(<lambda>)
        1    0.000    0.000    0.000    0.000 threading.py:410(Semaphore)
        1    0.000    0.000    0.000    0.000 pathlib.py:300(_Selector)
        1    0.000    0.000    0.000    0.000 __init__.py:28(RTLD_for_MKL)
        1    0.000    0.000    0.000    0.000 core.py:194(<listcomp>)
        1    0.000    0.000    0.000    0.000 {method 'disable' of '_lsprof.Profiler' objects}
        2    0.000    0.000    0.000    0.000 __init__.py:101(CFunctionType)
        1    0.000    0.000    0.000    0.000 core.py:903(_MaskedUnaryOperation)
        1    0.000    0.000    0.000    0.000 exceptions.py:98(AxisError)
        1    0.000    0.000    0.000    0.000 index_tricks.py:211(MGridClass)
        1    0.000    0.000    0.000    0.000 arrayprint.py:905(FloatingFormat)
        2    0.000    0.000    0.000    0.000 core.py:3433(shape)
        1    0.000    0.000    0.000    0.000 parse.py:144(_ResultMixinBytes)
        1    0.000    0.000    0.000    0.000 _datasource.py:149(__getitem__)
        1    0.000    0.000    0.000    0.000 contextlib.py:751(__init__)
        5    0.000    0.000    0.000    0.000 typing.py:2892(<listcomp>)
        2    0.000    0.000    0.000    0.000 {method 'clear' of 'dict' objects}
        1    0.000    0.000    0.000    0.000 pathlib.py:378(_RecursiveWildcardSelector)
        2    0.000    0.000    0.000    0.000 {built-in method sys.setdlopenflags}
        1    0.000    0.000    0.000    0.000 {method 'difference_update' of 'set' objects}
        1    0.000    0.000    0.000    0.000 _pytesttester.py:46(PytestTester)
        4    0.000    0.000    0.000    0.000 {built-in method builtins.callable}
        1    0.000    0.000    0.000    0.000 arrayprint.py:1245(ComplexFloatingFormat)
        3    0.000    0.000    0.000    0.000 core.py:867(__init__)
        1    0.000    0.000    0.000    0.000 numerictypes.py:425(_typedict)
        1    0.000    0.000    0.000    0.000 {built-in method numpy.core._multiarray_umath.set_typeDict}
        1    0.000    0.000    0.000    0.000 parse.py:136(_ResultMixinStr)
        1    0.000    0.000    0.000    0.000 stride_tricks.py:15(DummyArray)
        1    0.000    0.000    0.000    0.000 _array_like.py:39(_SupportsArray)
        1    0.000    0.000    0.000    0.000 threading.py:1001(_set_ident)
        1    0.000    0.000    0.000    0.000 _exceptions.py:56(_UFuncBinaryResolutionError)
        1    0.000    0.000    0.000    0.000 {built-in method numpy._set_promotion_state}
        1    0.000    0.000    0.000    0.000 _endian.py:23(_swapped_meta)
        5    0.000    0.000    0.000    0.000 parse.py:108(_noop)
        1    0.000    0.000    0.000    0.000 __init__.py:10(NBitBase)
        2    0.000    0.000    0.000    0.000 index_tricks.py:144(__init__)
        1    0.000    0.000    0.000    0.000 threading.py:267(__exit__)
        1    0.000    0.000    0.000    0.000 copyreg.py:22(constructor)
        2    0.000    0.000    0.000    0.000 stride_tricks.py:363(_broadcast_to_dispatcher)
        1    0.000    0.000    0.000    0.000 threading.py:1370(Timer)
        1    0.000    0.000    0.000    0.000 __init__.py:370(_FuncPtr)
        1    0.000    0.000    0.000    0.000 __init__.py:399(PyDLL)
        1    0.000    0.000    0.000    0.000 parse.py:323(DefragResult)
        1    0.000    0.000    0.000    0.000 contextlib.py:343(__init__)
        1    0.000    0.000    0.000    0.000 core.py:84(MaskedArrayFutureWarning)
        1    0.000    0.000    0.000    0.000 {built-in method _imp.get_frozen_object}
        1    0.000    0.000    0.000    0.000 gzip.py:117(BadGzipFile)
        1    0.000    0.000    0.000    0.000 extras.py:281(_fromnxfunction_seq)
        1    0.000    0.000    0.000    0.000 pathlib.py:331(_PreciseSelector)
        2    0.000    0.000    0.000    0.000 __init__.py:440(__init__)
        1    0.000    0.000    0.000    0.000 {method 'decode' of 'bytes' objects}
        1    0.000    0.000    0.000    0.000 pathlib.py:325(_TerminatingSelector)
        1    0.000    0.000    0.000    0.000 index_tricks.py:435(RClass)
        1    0.000    0.000    0.000    0.000 typing.py:2631(final)
        5    0.000    0.000    0.000    0.000 enum.py:1142(__init__)
        1    0.000    0.000    0.000    0.000 pathlib.py:834(PurePosixPath)
        1    0.000    0.000    0.000    0.000 numbers.py:12(Number)
        1    0.000    0.000    0.000    0.000 _exceptions.py:80(_UFuncInputCastingError)
        1    0.000    0.000    0.000    0.000 pickle.py:97(_Stop)
        1    0.000    0.000    0.000    0.000 pathlib.py:347(_WildcardSelector)
        1    0.000    0.000    0.000    0.000 _exceptions.py:98(_UFuncOutputCastingError)
        1    0.000    0.000    0.000    0.000 core.py:1125(_DomainedBinaryOperation)
        1    0.000    0.000    0.000    0.000 index_tricks.py:262(OGridClass)
        1    0.000    0.000    0.000    0.000 extras.py:1637(mr_class)
        1    0.000    0.000    0.000    0.000 ipaddress.py:20(AddressValueError)
        1    0.000    0.000    0.000    0.000 threading.py:498(BoundedSemaphore)
        1    0.000    0.000    0.000    0.000 _exceptions.py:71(_UFuncCastingError)
        1    0.000    0.000    0.000    0.000 _exceptions.py:32(UFuncTypeError)
        1    0.000    0.000    0.000    0.000 _array_like.py:44(_SupportsArrayFunc)
        1    0.000    0.000    0.000    0.000 core.py:2378(__init__)
        2    0.000    0.000    0.000    0.000 arrayprint.py:493(_recursive_guard)
        1    0.000    0.000    0.000    0.000 dtypes.py:1(<module>)
        2    0.000    0.000    0.000    0.000 core.py:883(__init__)
        1    0.000    0.000    0.000    0.000 core.py:840(_DomainSafeDivide)
        1    0.000    0.000    0.000    0.000 ipaddress.py:1127(_BaseConstants)
        1    0.000    0.000    0.000    0.000 core.py:822(_DomainTan)
        1    0.000    0.000    0.000    0.000 extras.py:294(_fromnxfunction_args)
        1    0.000    0.000    0.000    0.000 {built-in method numpy.core._multiarray_umath._set_madvise_hugepage}
        1    0.000    0.000    0.000    0.000 parse.py:336(ParseResult)
        1    0.000    0.000    0.000    0.000 arrayprint.py:1341(SubArrayFormat)
        1    0.000    0.000    0.000    0.000 linalg.py:67(LinAlgError)
        1    0.000    0.000    0.000    0.000 arrayprint.py:1278(_TimelikeFormat)
        1    0.000    0.000    0.000    0.000 arrayprint.py:1222(IntegerFormat)
        2    0.000    0.000    0.000    0.000 index_tricks.py:761(__init__)
        1    0.000    0.000    0.000    0.000 __init__.py:169(c_ushort)
        1    0.000    0.000    0.000    0.000 __init__.py:256(c_wchar_p)
        1    0.000    0.000    0.000    0.000 {built-in method numpy.core._multiarray_umath._reload_guard}
        1    0.000    0.000    0.000    0.000 index_tricks.py:717(IndexExpression)
        1    0.000    0.000    0.000    0.000 {built-in method math.sqrt}
        1    0.000    0.000    0.000    0.000 __init__.py:240(c_char_p)
        1    0.000    0.000    0.000    0.000 extras.py:319(_fromnxfunction_allargs)
        1    0.000    0.000    0.000    0.000 pickle.py:73(PickleError)
        1    0.000    0.000    0.000    0.000 core.py:893(_MaskedUFunc)
        1    0.000    0.000    0.000    0.000 arrayprint.py:1235(BoolFormat)
        1    0.000    0.000    0.000    0.000 polynomial.py:29(RankWarning)
        1    0.000    0.000    0.000    0.000 threading.py:832(<listcomp>)
        1    0.000    0.000    0.000    0.000 __init__.py:165(c_short)
        1    0.000    0.000    0.000    0.000 polyutils.py:47(RankWarning)
        1    0.000    0.000    0.000    0.000 _ufunc_config.py:360(_unspecified)
        1    0.000    0.000    0.000    0.000 <frozen codecs>:260(__init__)
        1    0.000    0.000    0.000    0.000 parse.py:331(SplitResult)
        1    0.000    0.000    0.000    0.000 parse.py:342(DefragResultBytes)
        1    0.000    0.000    0.000    0.000 pathlib.py:844(PureWindowsPath)
        1    0.000    0.000    0.000    0.000 __init__.py:198(c_double)
        1    0.000    0.000    0.000    0.000 npyio.py:750(_ensure_ndmin_ndarray_check_param)
        1    0.000    0.000    0.000    0.000 __init__.py:29(__init__)
        1    0.000    0.000    0.000    0.000 _internal.py:244(c_void_p)
        1    0.000    0.000    0.000    0.000 _endian.py:34(_swapped_struct_meta)
        1    0.000    0.000    0.000    0.000 parse.py:350(SplitResultBytes)
        1    0.000    0.000    0.000    0.000 _array_like.py:160(_UnknownType)
        1    0.000    0.000    0.000    0.000 core.py:861(_DomainGreater)
        1    0.000    0.000    0.000    0.000 exceptions.py:47(ComplexWarning)
        1    0.000    0.000    0.000    0.000 core.py:877(_DomainGreaterEqual)
        1    0.000    0.000    0.000    0.000 multiarray.py:1080(copyto)
        1    0.000    0.000    0.000    0.000 {built-in method _thread._set_sentinel}
        1    0.000    0.000    0.000    0.000 index_tricks.py:537(CClass)
        1    0.000    0.000    0.000    0.000 core.py:148(MAError)
        1    0.000    0.000    0.000    0.000 _endian.py:48(BigEndianStructure)
        1    0.000    0.000    0.000    0.000 arrayprint.py:1336(TimedeltaFormat)
        1    0.000    0.000    0.000    0.000 <string>:1(<module>)
        1    0.000    0.000    0.000    0.000 __init__.py:194(c_float)
        1    0.000    0.000    0.000    0.000 typing.py:3085(<lambda>)
        1    0.000    0.000    0.000    0.000 parse.py:355(ParseResultBytes)
        1    0.000    0.000    0.000    0.000 pickle.py:77(PicklingError)
        1    0.000    0.000    0.000    0.000 {built-in method sys.getdlopenflags}
        1    0.000    0.000    0.000    0.000 pickle.py:84(UnpicklingError)
        1    0.000    0.000    0.000    0.000 pathlib.py:1391(PosixPath)
        1    0.000    0.000    0.000    0.000 {method '__enter__' of '_thread.lock' objects}
        1    0.000    0.000    0.000    0.000 core.py:830(__init__)
        1    0.000    0.000    0.000    0.000 {built-in method numpy._using_numpy2_behavior}
        1    0.000    0.000    0.000    0.000 __init__.py:223(c_ubyte)
        1    0.000    0.000    0.000    0.000 threading.py:1199(daemon)
        1    0.000    0.000    0.000    0.000 ipaddress.py:24(NetmaskValueError)
        1    0.000    0.000    0.000    0.000 __init__.py:173(c_long)
        1    0.000    0.000    0.000    0.000 __init__.py:177(c_ulong)
        1    0.000    0.000    0.000    0.000 multiarray.py:153(concatenate)
        1    0.000    0.000    0.000    0.000 threading.py:1400(_MainThread)
        1    0.000    0.000    0.000    0.000 _endian.py:55(BigEndianUnion)
        1    0.000    0.000    0.000    0.000 _iotools.py:421(ConverterError)
        1    0.000    0.000    0.000    0.000 __init__.py:190(c_uint)
        1    0.000    0.000    0.000    0.000 __init__.py:67(_256Bit)
        1    0.000    0.000    0.000    0.000 __init__.py:70(_128Bit)
        1    0.000    0.000    0.000    0.000 parse.py:421(_checknetloc)
        1    0.000    0.000    0.000    0.000 exceptions.py:58(ModuleDeprecationWarning)
        1    0.000    0.000    0.000    0.000 _iotools.py:437(ConversionWarning)
        1    0.000    0.000    0.000    0.000 core.py:156(MaskError)
        1    0.000    0.000    0.000    0.000 _iotools.py:429(ConverterLockError)
        1    0.000    0.000    0.000    0.000 _endian.py:35(_swapped_union_meta)
        1    0.000    0.000    0.000    0.000 __init__.py:202(c_longdouble)
        1    0.000    0.000    0.000    0.000 __init__.py:186(c_int)
        1    0.000    0.000    0.000    0.000 _parser.py:99(checklookbehindgroup)
        1    0.000    0.000    0.000    0.000 __init__.py:251(c_bool)
        1    0.000    0.000    0.000    0.000 __init__.py:73(_96Bit)
        1    0.000    0.000    0.000    0.000 __init__.py:79(_64Bit)
        1    0.000    0.000    0.000    0.000 __init__.py:235(c_char)
        1    0.000    0.000    0.000    0.000 exceptions.py:189(DTypePromotionError)
        1    0.000    0.000    0.000    0.000 __init__.py:76(_80Bit)
        1    0.000    0.000    0.000    0.000 fromnumeric.py:1487(_squeeze_dispatcher)
        1    0.000    0.000    0.000    0.000 exceptions.py:74(VisibleDeprecationWarning)
        1    0.000    0.000    0.000    0.000 __init__.py:230(c_byte)
        1    0.000    0.000    0.000    0.000 threading.py:798(BrokenBarrierError)
        1    0.000    0.000    0.000    0.000 exceptions.py:85(TooHardError)
        1    0.000    0.000    0.000    0.000 __init__.py:82(_32Bit)
        1    0.000    0.000    0.000    0.000 __init__.py:88(_8Bit)
        1    0.000    0.000    0.000    0.000 __init__.py:246(c_void_p)
        1    0.000    0.000    0.000    0.000 __init__.py:85(_16Bit)
        1    0.000    0.000    0.000    0.000 {method '__exit__' of '_thread.RLock' objects}
        1    0.000    0.000    0.000    0.000 contextlib.py:65(_recreate_cm)
        1    0.000    0.000    0.000    0.000 contextlib.py:345(__enter__)
        1    0.000    0.000    0.000    0.000 random.py:814(seed)



------------------------------------------------------------
Sender: LSF System <lsfadmin@hpc.dtu.dk>
Subject: Job 24216640: <Haversine> in cluster <dcc> Done

Job <Haversine> was submitted from host <n-62-27-22> by user <s215158> in cluster <dcc> at Wed Feb 26 13:12:09 2025
Job was executed on host(s) <n-62-31-24>, in queue <hpc>, as user <s215158> in cluster <dcc> at Wed Feb 26 13:12:09 2025
</zhome/f9/0/168881> was used as the home directory.
</zhome/f9/0/168881/Desktop/PyHPC/Week_4/Exercise_6_7> was used as the working directory.
Started at Wed Feb 26 13:12:09 2025
Terminated at Wed Feb 26 13:12:13 2025
Results reported at Wed Feb 26 13:12:13 2025

Your job looked like:

------------------------------------------------------------
# LSBATCH: User input
#!/bin/bash
#BSUB -J Haversine
#BSUB -q hpc
#BSUB -W 10
#BSUB -R "rusage[mem=1024MB]"
#BSUB -o Performance_Comparison_%J.out
#BSUB -e Performance_Comparison_%J.err

#BSUB -R "select[model == XeonGold6126]"

#BSUB -R "span[hosts=1]"
#BSUB -n 1

source /dtu/projects/02613_2025/conda/conda_init.sh
conda activate 02613

python -m cProfile -s cumulative code.py /dtu/projects/02613_2025/data/locations/locations_5000.csv
------------------------------------------------------------

Successfully completed.

Resource usage summary:

    CPU time :                                   3.75 sec.
    Max Memory :                                 -
    Average Memory :                             -
    Total Requested Memory :                     1024.00 MB
    Delta Memory :                               -
    Max Swap :                                   -
    Max Processes :                              -
    Max Threads :                                -
    Run time :                                   74 sec.
    Turnaround time :                            4 sec.

The output (if any) is above this job summary.



PS:

Read file <Performance_Comparison_24216640.err> for stderr output of this job.

