Running column operation
Done
Time taken: 0.00313079496845603 seconds

------------------------------------------------------------
Sender: LSF System <lsfadmin@hpc.dtu.dk>
Subject: Job 24140874: <Performance_Comparison> in cluster <dcc> Done

Job <Performance_Comparison> was submitted from host <n-62-27-21> by user <s215158> in cluster <dcc> at Wed Feb 19 10:16:02 2025
Job was executed on host(s) <n-62-31-5>, in queue <hpc>, as user <s215158> in cluster <dcc> at Wed Feb 19 10:16:02 2025
</zhome/f9/0/168881> was used as the home directory.
</zhome/f9/0/168881/Desktop/PyHPC/Week_3/Exercise_1> was used as the working directory.
Started at Wed Feb 19 10:16:02 2025
Terminated at Wed Feb 19 10:16:04 2025
Results reported at Wed Feb 19 10:16:04 2025

Your job looked like:

------------------------------------------------------------
# LSBATCH: User input
#!/bin/bash
#BSUB -J Performance_Comparison
#BSUB -q hpc
#BSUB -W 2
#BSUB -R "rusage[mem=512MB]"
#BSUB -o Performance_Comparison_%J.out
#BSUB -e Performance_Comparison_%J.err

#BSUB -R "select[model == XeonGold6126]"

#BSUB -R "span[hosts=1]"
#BSUB -n 1

source /dtu/projects/02613_2025/conda/conda_init.sh
conda activate 02613

python code.py column
------------------------------------------------------------

Successfully completed.

Resource usage summary:

    CPU time :                                   1.27 sec.
    Max Memory :                                 -
    Average Memory :                             -
    Total Requested Memory :                     512.00 MB
    Delta Memory :                               -
    Max Swap :                                   -
    Max Processes :                              -
    Max Threads :                                -
    Run time :                                   7 sec.
    Turnaround time :                            2 sec.

The output (if any) is above this job summary.



PS:

Read file <Performance_Comparison_24140874.err> for stderr output of this job.

