mem=60048 KB runtime=27.35 s

------------------------------------------------------------
Sender: LSF System <lsfadmin@hpc.dtu.dk>
Subject: Job 24508546: <Mandelbrot_memmap> in cluster <dcc> Done

Job <Mandelbrot_memmap> was submitted from host <n-62-30-5> by user <s215158> in cluster <dcc> at Wed Mar 26 11:58:39 2025
Job was executed on host(s) <n-62-31-23>, in queue <hpc>, as user <s215158> in cluster <dcc> at Wed Mar 26 11:58:40 2025
</zhome/f9/0/168881> was used as the home directory.
</zhome/f9/0/168881/Desktop/PyHPC/Week_8/Exercise_10> was used as the working directory.
Started at Wed Mar 26 11:58:40 2025
Terminated at Wed Mar 26 11:59:09 2025
Results reported at Wed Mar 26 11:59:09 2025

Your job looked like:

------------------------------------------------------------
# LSBATCH: User input
#!/bin/bash
#BSUB -J Mandelbrot_memmap
#BSUB -q hpc
#BSUB -W 10
#BSUB -R "rusage[mem=2048MB]"
#BSUB -o Mandelbrot_memmap_%J.out
#BSUB -e Mandelbrot_memmap_%J.err

#BSUB -R "select[model == XeonGold6126]"

#BSUB -R "span[hosts=1]"
#BSUB -n 1

source /dtu/projects/02613_2025/conda/conda_init.sh
conda activate 02613

/usr/bin/time -f"mem=%M KB runtime=%e s" 2>&1 python code.py 800 10
------------------------------------------------------------

Successfully completed.

Resource usage summary:

    CPU time :                                   9.63 sec.
    Max Memory :                                 47 MB
    Average Memory :                             45.00 MB
    Total Requested Memory :                     2048.00 MB
    Delta Memory :                               2001.00 MB
    Max Swap :                                   -
    Max Processes :                              5
    Max Threads :                                6
    Run time :                                   35 sec.
    Turnaround time :                            30 sec.

The output (if any) is above this job summary.



PS:

Read file <Mandelbrot_memmap_24508546.err> for stderr output of this job.

