Mandelbrot set generated with 4 processes
Array size: 800x800
Results saved to 'mandelbrot.png' and 'mandelbrot_data.dat'
mem=127192 KB runtime=9.56 s

------------------------------------------------------------
Sender: LSF System <lsfadmin@hpc.dtu.dk>
Subject: Job 24507879: <Mandelbrot_memmap> in cluster <dcc> Done

Job <Mandelbrot_memmap> was submitted from host <n-62-30-3> by user <s215158> in cluster <dcc> at Wed Mar 26 11:03:59 2025
Job was executed on host(s) <n-62-31-21>, in queue <hpc>, as user <s215158> in cluster <dcc> at Wed Mar 26 11:03:59 2025
</zhome/f9/0/168881> was used as the home directory.
</zhome/f9/0/168881/Desktop/PyHPC/Week_8/Exercise_6> was used as the working directory.
Started at Wed Mar 26 11:03:59 2025
Terminated at Wed Mar 26 11:04:10 2025
Results reported at Wed Mar 26 11:04:10 2025

Your job looked like:

------------------------------------------------------------
# LSBATCH: User input
#!/bin/bash
#BSUB -J Mandelbrot_memmap
#BSUB -q hpc
#BSUB -W 10
#BSUB -R "rusage[mem=2048MB]"
#BSUB -o Mandelbrot_memmap_%J.out
#BSUB -e Mandelbrot_memmap_%J.err

#BSUB -R "select[model == XeonGold6126]"

#BSUB -R "span[hosts=1]"
#BSUB -n 1

source /dtu/projects/02613_2025/conda/conda_init.sh
conda activate 02613

/usr/bin/time -f"mem=%M KB runtime=%e s" 2>&1 python code.py 800
------------------------------------------------------------

Successfully completed.

Resource usage summary:

    CPU time :                                   10.29 sec.
    Max Memory :                                 -
    Average Memory :                             -
    Total Requested Memory :                     2048.00 MB
    Delta Memory :                               -
    Max Swap :                                   -
    Max Processes :                              -
    Max Threads :                                -
    Run time :                                   22 sec.
    Turnaround time :                            11 sec.

The output (if any) is above this job summary.



PS:

Read file <Mandelbrot_memmap_24507879.err> for stderr output of this job.

