Time taken: 0.0018317920621484518 seconds for size 10
Time taken: 0.0019256279338151217 seconds for size 24
Time taken: 0.001967519987374544 seconds for size 59
Time taken: 0.002147994004189968 seconds for size 146
Time taken: 0.002429594984278083 seconds for size 359
Time taken: 0.0029956200160086155 seconds for size 879
Time taken: 0.004178002011030912 seconds for size 2154
Time taken: 0.0069991350173950195 seconds for size 5274
Time taken: 0.020913515938445926 seconds for size 12915
Time taken: 0.12104518292471766 seconds for size 31622

------------------------------------------------------------
Sender: LSF System <lsfadmin@hpc.dtu.dk>
Subject: Job 24141401: <Performance_Comparison> in cluster <dcc> Done

Job <Performance_Comparison> was submitted from host <n-62-27-21> by user <s215158> in cluster <dcc> at Wed Feb 19 10:36:56 2025
Job was executed on host(s) <n-62-31-24>, in queue <hpc>, as user <s215158> in cluster <dcc> at Wed Feb 19 10:36:57 2025
</zhome/f9/0/168881> was used as the home directory.
</zhome/f9/0/168881/Desktop/PyHPC/Week_3/Exercise_3> was used as the working directory.
Started at Wed Feb 19 10:36:57 2025
Terminated at Wed Feb 19 10:37:10 2025
Results reported at Wed Feb 19 10:37:10 2025

Your job looked like:

------------------------------------------------------------
# LSBATCH: User input
#!/bin/bash
#BSUB -J Performance_Comparison
#BSUB -q hpc
#BSUB -W 2
#BSUB -R "rusage[mem=12288MB]"
#BSUB -o Performance_Comparison_%J.out
#BSUB -e Performance_Comparison_%J.err

#BSUB -R "select[model == XeonGold6126]"

#BSUB -R "span[hosts=1]"
#BSUB -n 1

source /dtu/projects/02613_2025/conda/conda_init.sh
conda activate 02613

python code.py column
------------------------------------------------------------

Successfully completed.

Resource usage summary:

    CPU time :                                   12.88 sec.
    Max Memory :                                 8201 MB
    Average Memory :                             8201.00 MB
    Total Requested Memory :                     12288.00 MB
    Delta Memory :                               4087.00 MB
    Max Swap :                                   -
    Max Processes :                              4
    Max Threads :                                5
    Run time :                                   22 sec.
    Turnaround time :                            14 sec.

The output (if any) is above this job summary.



PS:

Read file <Performance_Comparison_24141401.err> for stderr output of this job.

